  [1m[35m (3.8ms)[0m  [1m[34mSELECT sqlite_version(*)[0m
  [1m[35m (2.2ms)[0m  [1m[35mCREATE TABLE "schema_migrations" ("version" varchar NOT NULL PRIMARY KEY)[0m
  [1m[35m (2.1ms)[0m  [1m[35mCREATE TABLE "ar_internal_metadata" ("key" varchar NOT NULL PRIMARY KEY, "value" varchar, "created_at" datetime(6) NOT NULL, "updated_at" datetime(6) NOT NULL)[0m
  [1m[35m (0.2ms)[0m  [1m[34mSELECT "schema_migrations"."version" FROM "schema_migrations" ORDER BY "schema_migrations"."version" ASC[0m
Migrating to CreateUsers (20210524230249)
  [1m[35m (1.9ms)[0m  [1m[34mSELECT sqlite_version(*)[0m
  [1m[35m (1.2ms)[0m  [1m[34mSELECT "schema_migrations"."version" FROM "schema_migrations" ORDER BY "schema_migrations"."version" ASC[0m
Migrating to CreateUsers (20210524230249)
  [1m[36mTRANSACTION (0.1ms)[0m  [1m[36mbegin transaction[0m
  [1m[35m (0.6ms)[0m  [1m[35mCREATE TABLE "users" ("id" integer PRIMARY KEY AUTOINCREMENT NOT NULL, "email" varchar, "password_digest" varchar, "amount" decimal, "created_at" datetime(6) NOT NULL, "updated_at" datetime(6) NOT NULL)[0m
  [1m[36mActiveRecord::SchemaMigration Create (2.9ms)[0m  [1m[32mINSERT INTO "schema_migrations" ("version") VALUES (?)[0m  [["version", "20210524230249"]]
  [1m[36mTRANSACTION (3.8ms)[0m  [1m[36mcommit transaction[0m
Migrating to CreateExpenses (20210524232735)
  [1m[36mTRANSACTION (0.1ms)[0m  [1m[36mbegin transaction[0m
  [1m[35m (2.9ms)[0m  [1m[35mCREATE TABLE "expenses" ("id" integer PRIMARY KEY AUTOINCREMENT NOT NULL, "date" date, "description" varchar, "amount" decimal, "created_at" datetime(6) NOT NULL, "updated_at" datetime(6) NOT NULL)[0m
  [1m[36mActiveRecord::SchemaMigration Create (0.6ms)[0m  [1m[32mINSERT INTO "schema_migrations" ("version") VALUES (?)[0m  [["version", "20210524232735"]]
  [1m[36mTRANSACTION (6.1ms)[0m  [1m[36mcommit transaction[0m
Migrating to RemoveAmountFromUsers (20210524233023)
  [1m[36mTRANSACTION (0.2ms)[0m  [1m[36mbegin transaction[0m
  [1m[35m (0.1ms)[0m  [1m[35mPRAGMA foreign_keys[0m
  [1m[35m (0.1ms)[0m  [1m[35mPRAGMA defer_foreign_keys[0m
  [1m[35m (0.6ms)[0m  [1m[35mPRAGMA defer_foreign_keys = ON[0m
  [1m[35m (0.2ms)[0m  [1m[35mPRAGMA foreign_keys = OFF[0m
  [1m[35m (0.3ms)[0m  [1m[35mCREATE TEMPORARY TABLE "ausers" ("id" integer NOT NULL PRIMARY KEY, "email" varchar DEFAULT NULL, "password_digest" varchar DEFAULT NULL, "amount" decimal DEFAULT NULL, "created_at" datetime(6) NOT NULL, "updated_at" datetime(6) NOT NULL)[0m
  [1m[35m (0.1ms)[0m  [1m[32mINSERT INTO "ausers" ("id","email","password_digest","amount","created_at","updated_at")
                     SELECT "id","email","password_digest","amount","created_at","updated_at" FROM "users"[0m
  [1m[35m (0.7ms)[0m  [1m[35mDROP TABLE "users"[0m
  [1m[35m (0.2ms)[0m  [1m[35mCREATE TABLE "users" ("id" integer NOT NULL PRIMARY KEY, "email" varchar DEFAULT NULL, "password_digest" varchar DEFAULT NULL, "created_at" datetime(6) NOT NULL, "updated_at" datetime(6) NOT NULL)[0m
  [1m[35m (0.3ms)[0m  [1m[32mINSERT INTO "users" ("id","email","password_digest","created_at","updated_at")
                     SELECT "id","email","password_digest","created_at","updated_at" FROM "ausers"[0m
  [1m[35m (0.1ms)[0m  [1m[35mDROP TABLE "ausers"[0m
  [1m[35m (0.1ms)[0m  [1m[35mPRAGMA defer_foreign_keys = 0[0m
  [1m[35m (0.1ms)[0m  [1m[35mPRAGMA foreign_keys = 1[0m
  [1m[36mActiveRecord::SchemaMigration Create (1.2ms)[0m  [1m[32mINSERT INTO "schema_migrations" ("version") VALUES (?)[0m  [["version", "20210524233023"]]
  [1m[36mTRANSACTION (4.7ms)[0m  [1m[36mcommit transaction[0m
  [1m[36mActiveRecord::InternalMetadata Load (3.2ms)[0m  [1m[34mSELECT "ar_internal_metadata".* FROM "ar_internal_metadata" WHERE "ar_internal_metadata"."key" = ? LIMIT ?[0m  [["key", "environment"], ["LIMIT", 1]]
  [1m[36mTRANSACTION (0.1ms)[0m  [1m[36mbegin transaction[0m
  [1m[36mActiveRecord::InternalMetadata Create (1.6ms)[0m  [1m[32mINSERT INTO "ar_internal_metadata" ("key", "value", "created_at", "updated_at") VALUES (?, ?, ?, ?)[0m  [["key", "environment"], ["value", "development"], ["created_at", "2021-05-24 23:38:23.505694"], ["updated_at", "2021-05-24 23:38:23.505694"]]
  [1m[36mTRANSACTION (1.7ms)[0m  [1m[36mcommit transaction[0m
  [1m[35m (0.1ms)[0m  [1m[34mSELECT sqlite_version(*)[0m
  [1m[35m (0.1ms)[0m  [1m[34mSELECT "schema_migrations"."version" FROM "schema_migrations" ORDER BY "schema_migrations"."version" ASC[0m
Started GET "/Users" for ::1 at 2021-05-24 18:41:41 -0500
  [1m[35m (2.3ms)[0m  [1m[34mSELECT sqlite_version(*)[0m
  [1m[35m (0.7ms)[0m  [1m[34mSELECT "schema_migrations"."version" FROM "schema_migrations" ORDER BY "schema_migrations"."version" ASC[0m
  
ActionController::RoutingError (No route matches [GET] "/Users"):
  
Started GET "/users" for ::1 at 2021-05-24 18:41:51 -0500
Processing by UsersController#index as HTML
  [1m[36mUser Load (1.5ms)[0m  [1m[34mSELECT "users".* FROM "users"[0m
  ↳ app/controllers/users_controller.rb:8:in `index'
Completed 200 OK in 29ms (Views: 4.8ms | ActiveRecord: 1.5ms | Allocations: 2748)


Started GET "/api/v1/users" for ::1 at 2021-05-24 18:42:33 -0500
  
ActionController::RoutingError (No route matches [GET] "/api/v1/users"):
  
Started GET "/api/v1/users" for ::1 at 2021-05-24 19:02:08 -0500
Processing by Api::V1::UsersController#index as HTML
  [1m[35m (0.1ms)[0m  [1m[34mSELECT sqlite_version(*)[0m
  ↳ app/controllers/api/v1/users_controller.rb:8:in `index'
  [1m[36mUser Load (1.4ms)[0m  [1m[34mSELECT "users".* FROM "users"[0m
  ↳ app/controllers/api/v1/users_controller.rb:8:in `index'
Completed 200 OK in 13ms (Views: 7.3ms | ActiveRecord: 1.9ms | Allocations: 2060)


  [1m[35m (2.0ms)[0m  [1m[34mSELECT sqlite_version(*)[0m
  [1m[35m (1.3ms)[0m  [1m[34mSELECT "schema_migrations"."version" FROM "schema_migrations" ORDER BY "schema_migrations"."version" ASC[0m
  [1m[35m (0.1ms)[0m  [1m[34mSELECT sqlite_version(*)[0m
  [1m[36mTRANSACTION (0.1ms)[0m  [1m[36mbegin transaction[0m
  [1m[36mUser Create (1.7ms)[0m  [1m[32mINSERT INTO "users" ("email", "created_at", "updated_at") VALUES (?, ?, ?)[0m  [["email", "jenndestes@gmail.com"], ["created_at", "2021-05-25 01:15:22.734029"], ["updated_at", "2021-05-25 01:15:22.734029"]]
  [1m[36mTRANSACTION (2.1ms)[0m  [1m[36mcommit transaction[0m
  [1m[36mTRANSACTION (0.0ms)[0m  [1m[36mbegin transaction[0m
  [1m[36mUser Create (0.5ms)[0m  [1m[32mINSERT INTO "users" ("email", "created_at", "updated_at") VALUES (?, ?, ?)[0m  [["email", "billywilly@gmail.com"], ["created_at", "2021-05-25 01:15:22.741414"], ["updated_at", "2021-05-25 01:15:22.741414"]]
  [1m[36mTRANSACTION (1.9ms)[0m  [1m[36mcommit transaction[0m
  [1m[36mTRANSACTION (0.0ms)[0m  [1m[36mbegin transaction[0m
  [1m[36mUser Create (0.4ms)[0m  [1m[32mINSERT INTO "users" ("email", "created_at", "updated_at") VALUES (?, ?, ?)[0m  [["email", "cutedoggo@gmail.com"], ["created_at", "2021-05-25 01:15:22.747005"], ["updated_at", "2021-05-25 01:15:22.747005"]]
  [1m[36mTRANSACTION (1.6ms)[0m  [1m[36mcommit transaction[0m
  [1m[35m (2.4ms)[0m  [1m[34mSELECT sqlite_version(*)[0m
  [1m[35m (0.3ms)[0m  [1m[34mSELECT "schema_migrations"."version" FROM "schema_migrations" ORDER BY "schema_migrations"."version" ASC[0m
  [1m[35m (0.1ms)[0m  [1m[34mSELECT sqlite_version(*)[0m
  [1m[36mTRANSACTION (0.1ms)[0m  [1m[36mbegin transaction[0m
  [1m[36mUser Create (0.6ms)[0m  [1m[32mINSERT INTO "users" ("email", "created_at", "updated_at") VALUES (?, ?, ?)[0m  [["email", "jenndestes@gmail.com"], ["created_at", "2021-05-25 01:17:20.174738"], ["updated_at", "2021-05-25 01:17:20.174738"]]
  [1m[36mTRANSACTION (1.6ms)[0m  [1m[36mcommit transaction[0m
  [1m[36mTRANSACTION (0.0ms)[0m  [1m[36mbegin transaction[0m
  [1m[36mUser Create (0.5ms)[0m  [1m[32mINSERT INTO "users" ("email", "created_at", "updated_at") VALUES (?, ?, ?)[0m  [["email", "billywilly@gmail.com"], ["created_at", "2021-05-25 01:17:20.180329"], ["updated_at", "2021-05-25 01:17:20.180329"]]
  [1m[36mTRANSACTION (2.1ms)[0m  [1m[36mcommit transaction[0m
  [1m[36mTRANSACTION (0.1ms)[0m  [1m[36mbegin transaction[0m
  [1m[36mUser Create (0.7ms)[0m  [1m[32mINSERT INTO "users" ("email", "created_at", "updated_at") VALUES (?, ?, ?)[0m  [["email", "cutedoggo@gmail.com"], ["created_at", "2021-05-25 01:17:20.196131"], ["updated_at", "2021-05-25 01:17:20.196131"]]
  [1m[36mTRANSACTION (1.6ms)[0m  [1m[36mcommit transaction[0m
  [1m[35m (1.8ms)[0m  [1m[34mSELECT sqlite_version(*)[0m
  [1m[35m (1.3ms)[0m  [1m[34mSELECT "schema_migrations"."version" FROM "schema_migrations" ORDER BY "schema_migrations"."version" ASC[0m
Migrating to AddUserIdToExpenses (20210525012124)
  [1m[36mTRANSACTION (0.1ms)[0m  [1m[36mbegin transaction[0m
  [1m[35m (0.6ms)[0m  [1m[35mALTER TABLE "expenses" ADD "user_id" integer[0m
  [1m[36mActiveRecord::SchemaMigration Create (1.3ms)[0m  [1m[32mINSERT INTO "schema_migrations" ("version") VALUES (?)[0m  [["version", "20210525012124"]]
  [1m[36mTRANSACTION (1.8ms)[0m  [1m[36mcommit transaction[0m
  [1m[36mActiveRecord::InternalMetadata Load (3.6ms)[0m  [1m[34mSELECT "ar_internal_metadata".* FROM "ar_internal_metadata" WHERE "ar_internal_metadata"."key" = ? LIMIT ?[0m  [["key", "environment"], ["LIMIT", 1]]
  [1m[35m (0.1ms)[0m  [1m[34mSELECT sqlite_version(*)[0m
  [1m[35m (0.1ms)[0m  [1m[34mSELECT "schema_migrations"."version" FROM "schema_migrations" ORDER BY "schema_migrations"."version" ASC[0m
  [1m[35m (0.5ms)[0m  [1m[34mSELECT sqlite_version(*)[0m
  [1m[35m (0.1ms)[0m  [1m[34mSELECT "schema_migrations"."version" FROM "schema_migrations" ORDER BY "schema_migrations"."version" ASC[0m
  [1m[35m (0.1ms)[0m  [1m[34mSELECT sqlite_version(*)[0m
  [1m[36mTRANSACTION (0.1ms)[0m  [1m[36mbegin transaction[0m
  [1m[36mUser Create (0.5ms)[0m  [1m[32mINSERT INTO "users" ("email", "created_at", "updated_at") VALUES (?, ?, ?)[0m  [["email", "jenndestes@gmail.com"], ["created_at", "2021-05-25 01:24:23.337084"], ["updated_at", "2021-05-25 01:24:23.337084"]]
  [1m[36mTRANSACTION (1.8ms)[0m  [1m[36mcommit transaction[0m
  [1m[36mTRANSACTION (0.0ms)[0m  [1m[36mbegin transaction[0m
  [1m[36mUser Create (0.3ms)[0m  [1m[32mINSERT INTO "users" ("email", "created_at", "updated_at") VALUES (?, ?, ?)[0m  [["email", "billywilly@gmail.com"], ["created_at", "2021-05-25 01:24:23.342554"], ["updated_at", "2021-05-25 01:24:23.342554"]]
  [1m[36mTRANSACTION (1.9ms)[0m  [1m[36mcommit transaction[0m
  [1m[36mTRANSACTION (0.0ms)[0m  [1m[36mbegin transaction[0m
  [1m[36mUser Create (0.4ms)[0m  [1m[32mINSERT INTO "users" ("email", "created_at", "updated_at") VALUES (?, ?, ?)[0m  [["email", "cutedoggo@gmail.com"], ["created_at", "2021-05-25 01:24:23.347711"], ["updated_at", "2021-05-25 01:24:23.347711"]]
  [1m[36mTRANSACTION (1.7ms)[0m  [1m[36mcommit transaction[0m
  [1m[36mTRANSACTION (0.1ms)[0m  [1m[36mbegin transaction[0m
  [1m[36mExpense Create (0.4ms)[0m  [1m[32mINSERT INTO "expenses" ("date", "description", "amount", "created_at", "updated_at", "user_id") VALUES (?, ?, ?, ?, ?, ?)[0m  [["date", "2020-10-10"], ["description", "birthday party"], ["amount", 200.0], ["created_at", "2021-05-25 01:24:23.370509"], ["updated_at", "2021-05-25 01:24:23.370509"], ["user_id", 7]]
  [1m[36mTRANSACTION (1.7ms)[0m  [1m[36mcommit transaction[0m
  [1m[36mTRANSACTION (0.0ms)[0m  [1m[36mbegin transaction[0m
  [1m[36mExpense Create (0.4ms)[0m  [1m[32mINSERT INTO "expenses" ("description", "amount", "created_at", "updated_at", "user_id") VALUES (?, ?, ?, ?, ?)[0m  [["description", "pineapple juice"], ["amount", 7.0], ["created_at", "2021-05-25 01:24:23.376268"], ["updated_at", "2021-05-25 01:24:23.376268"], ["user_id", 8]]
  [1m[36mTRANSACTION (1.7ms)[0m  [1m[36mcommit transaction[0m
  [1m[36mTRANSACTION (0.1ms)[0m  [1m[36mbegin transaction[0m
  [1m[36mExpense Create (0.4ms)[0m  [1m[32mINSERT INTO "expenses" ("date", "description", "amount", "created_at", "updated_at", "user_id") VALUES (?, ?, ?, ?, ?, ?)[0m  [["date", "2020-01-06"], ["description", "dog treats"], ["amount", 10.0], ["created_at", "2021-05-25 01:24:23.382240"], ["updated_at", "2021-05-25 01:24:23.382240"], ["user_id", 9]]
  [1m[36mTRANSACTION (2.3ms)[0m  [1m[36mcommit transaction[0m
Started GET "/api/v1/users" for ::1 at 2021-05-24 20:24:42 -0500
  [1m[35m (0.1ms)[0m  [1m[34mSELECT sqlite_version(*)[0m
  [1m[35m (0.3ms)[0m  [1m[34mSELECT "schema_migrations"."version" FROM "schema_migrations" ORDER BY "schema_migrations"."version" ASC[0m
Processing by Api::V1::UsersController#index as HTML
  [1m[36mUser Load (0.2ms)[0m  [1m[34mSELECT "users".* FROM "users"[0m
  ↳ app/controllers/api/v1/users_controller.rb:8:in `index'
Completed 200 OK in 18ms (Views: 11.7ms | ActiveRecord: 1.1ms | Allocations: 5569)


  [1m[35m (1.9ms)[0m  [1m[34mSELECT sqlite_version(*)[0m
  [1m[35m (2.7ms)[0m  [1m[35mCREATE TABLE "schema_migrations" ("version" varchar NOT NULL PRIMARY KEY)[0m
  [1m[35m (2.1ms)[0m  [1m[35mCREATE TABLE "ar_internal_metadata" ("key" varchar NOT NULL PRIMARY KEY, "value" varchar, "created_at" datetime(6) NOT NULL, "updated_at" datetime(6) NOT NULL)[0m
  [1m[35m (0.2ms)[0m  [1m[34mSELECT "schema_migrations"."version" FROM "schema_migrations" ORDER BY "schema_migrations"."version" ASC[0m
  [1m[35m (0.5ms)[0m  [1m[34mSELECT sqlite_version(*)[0m
  [1m[35m (0.2ms)[0m  [1m[34mSELECT "schema_migrations"."version" FROM "schema_migrations" ORDER BY "schema_migrations"."version" ASC[0m
Migrating to CreateUsers (20210524230249)
  [1m[36mTRANSACTION (0.1ms)[0m  [1m[36mbegin transaction[0m
  [1m[35m (0.6ms)[0m  [1m[35mCREATE TABLE "users" ("id" integer PRIMARY KEY AUTOINCREMENT NOT NULL, "email" varchar, "password_digest" varchar, "amount" decimal, "created_at" datetime(6) NOT NULL, "updated_at" datetime(6) NOT NULL)[0m
  [1m[36mActiveRecord::SchemaMigration Create (0.2ms)[0m  [1m[32mINSERT INTO "schema_migrations" ("version") VALUES (?)[0m  [["version", "20210524230249"]]
  [1m[36mTRANSACTION (2.3ms)[0m  [1m[36mcommit transaction[0m
Migrating to CreateExpenses (20210524232735)
  [1m[36mTRANSACTION (0.1ms)[0m  [1m[36mbegin transaction[0m
  [1m[35m (0.8ms)[0m  [1m[35mCREATE TABLE "expenses" ("id" integer PRIMARY KEY AUTOINCREMENT NOT NULL, "date" date, "description" varchar, "amount" decimal, "created_at" datetime(6) NOT NULL, "updated_at" datetime(6) NOT NULL)[0m
  [1m[36mActiveRecord::SchemaMigration Create (0.2ms)[0m  [1m[32mINSERT INTO "schema_migrations" ("version") VALUES (?)[0m  [["version", "20210524232735"]]
  [1m[36mTRANSACTION (6.9ms)[0m  [1m[36mcommit transaction[0m
Migrating to RemoveAmountFromUsers (20210524233023)
  [1m[36mTRANSACTION (0.1ms)[0m  [1m[36mbegin transaction[0m
  [1m[35m (0.1ms)[0m  [1m[35mPRAGMA foreign_keys[0m
  [1m[35m (0.7ms)[0m  [1m[35mPRAGMA defer_foreign_keys[0m
  [1m[35m (0.2ms)[0m  [1m[35mPRAGMA defer_foreign_keys = ON[0m
  [1m[35m (0.3ms)[0m  [1m[35mPRAGMA foreign_keys = OFF[0m
  [1m[35m (0.6ms)[0m  [1m[35mCREATE TEMPORARY TABLE "ausers" ("id" integer NOT NULL PRIMARY KEY, "email" varchar DEFAULT NULL, "password_digest" varchar DEFAULT NULL, "amount" decimal DEFAULT NULL, "created_at" datetime(6) NOT NULL, "updated_at" datetime(6) NOT NULL)[0m
  [1m[35m (0.1ms)[0m  [1m[32mINSERT INTO "ausers" ("id","email","password_digest","amount","created_at","updated_at")
                     SELECT "id","email","password_digest","amount","created_at","updated_at" FROM "users"[0m
  [1m[35m (0.4ms)[0m  [1m[35mDROP TABLE "users"[0m
  [1m[35m (0.1ms)[0m  [1m[35mCREATE TABLE "users" ("id" integer NOT NULL PRIMARY KEY, "email" varchar DEFAULT NULL, "password_digest" varchar DEFAULT NULL, "created_at" datetime(6) NOT NULL, "updated_at" datetime(6) NOT NULL)[0m
  [1m[35m (0.1ms)[0m  [1m[32mINSERT INTO "users" ("id","email","password_digest","created_at","updated_at")
                     SELECT "id","email","password_digest","created_at","updated_at" FROM "ausers"[0m
  [1m[35m (0.1ms)[0m  [1m[35mDROP TABLE "ausers"[0m
  [1m[35m (0.1ms)[0m  [1m[35mPRAGMA defer_foreign_keys = 0[0m
  [1m[35m (0.1ms)[0m  [1m[35mPRAGMA foreign_keys = 1[0m
  [1m[36mActiveRecord::SchemaMigration Create (0.7ms)[0m  [1m[32mINSERT INTO "schema_migrations" ("version") VALUES (?)[0m  [["version", "20210524233023"]]
  [1m[36mTRANSACTION (1.8ms)[0m  [1m[36mcommit transaction[0m
Migrating to AddUserIdToExpenses (20210525012124)
  [1m[36mTRANSACTION (0.1ms)[0m  [1m[36mbegin transaction[0m
  [1m[35m (0.5ms)[0m  [1m[35mALTER TABLE "expenses" ADD "user_id" integer[0m
  [1m[36mActiveRecord::SchemaMigration Create (0.2ms)[0m  [1m[32mINSERT INTO "schema_migrations" ("version") VALUES (?)[0m  [["version", "20210525012124"]]
  [1m[36mTRANSACTION (1.6ms)[0m  [1m[36mcommit transaction[0m
  [1m[36mActiveRecord::InternalMetadata Load (0.2ms)[0m  [1m[34mSELECT "ar_internal_metadata".* FROM "ar_internal_metadata" WHERE "ar_internal_metadata"."key" = ? LIMIT ?[0m  [["key", "environment"], ["LIMIT", 1]]
  [1m[36mTRANSACTION (0.1ms)[0m  [1m[36mbegin transaction[0m
  [1m[36mActiveRecord::InternalMetadata Create (0.6ms)[0m  [1m[32mINSERT INTO "ar_internal_metadata" ("key", "value", "created_at", "updated_at") VALUES (?, ?, ?, ?)[0m  [["key", "environment"], ["value", "development"], ["created_at", "2021-05-25 01:28:05.552723"], ["updated_at", "2021-05-25 01:28:05.552723"]]
  [1m[36mTRANSACTION (2.7ms)[0m  [1m[36mcommit transaction[0m
  [1m[35m (0.1ms)[0m  [1m[34mSELECT sqlite_version(*)[0m
  [1m[35m (0.1ms)[0m  [1m[34mSELECT "schema_migrations"."version" FROM "schema_migrations" ORDER BY "schema_migrations"."version" ASC[0m
  [1m[35m (1.9ms)[0m  [1m[34mSELECT sqlite_version(*)[0m
  [1m[35m (0.2ms)[0m  [1m[34mSELECT "schema_migrations"."version" FROM "schema_migrations" ORDER BY "schema_migrations"."version" ASC[0m
  [1m[35m (0.1ms)[0m  [1m[34mSELECT sqlite_version(*)[0m
  [1m[36mTRANSACTION (0.1ms)[0m  [1m[36mbegin transaction[0m
  [1m[36mUser Create (0.5ms)[0m  [1m[32mINSERT INTO "users" ("email", "created_at", "updated_at") VALUES (?, ?, ?)[0m  [["email", "jenndestes@gmail.com"], ["created_at", "2021-05-25 01:28:23.677157"], ["updated_at", "2021-05-25 01:28:23.677157"]]
  [1m[36mTRANSACTION (1.7ms)[0m  [1m[36mcommit transaction[0m
  [1m[36mTRANSACTION (0.0ms)[0m  [1m[36mbegin transaction[0m
  [1m[36mUser Create (0.3ms)[0m  [1m[32mINSERT INTO "users" ("email", "created_at", "updated_at") VALUES (?, ?, ?)[0m  [["email", "billywilly@gmail.com"], ["created_at", "2021-05-25 01:28:23.682640"], ["updated_at", "2021-05-25 01:28:23.682640"]]
  [1m[36mTRANSACTION (1.7ms)[0m  [1m[36mcommit transaction[0m
  [1m[36mTRANSACTION (0.0ms)[0m  [1m[36mbegin transaction[0m
  [1m[36mUser Create (0.4ms)[0m  [1m[32mINSERT INTO "users" ("email", "created_at", "updated_at") VALUES (?, ?, ?)[0m  [["email", "cutedoggo@gmail.com"], ["created_at", "2021-05-25 01:28:23.687550"], ["updated_at", "2021-05-25 01:28:23.687550"]]
  [1m[36mTRANSACTION (1.8ms)[0m  [1m[36mcommit transaction[0m
  [1m[36mTRANSACTION (0.1ms)[0m  [1m[36mbegin transaction[0m
  [1m[36mExpense Create (1.6ms)[0m  [1m[32mINSERT INTO "expenses" ("date", "description", "amount", "created_at", "updated_at", "user_id") VALUES (?, ?, ?, ?, ?, ?)[0m  [["date", "2020-10-10"], ["description", "birthday party"], ["amount", 200.0], ["created_at", "2021-05-25 01:28:23.735700"], ["updated_at", "2021-05-25 01:28:23.735700"], ["user_id", 1]]
  [1m[36mTRANSACTION (1.8ms)[0m  [1m[36mcommit transaction[0m
  [1m[36mTRANSACTION (0.1ms)[0m  [1m[36mbegin transaction[0m
  [1m[36mExpense Create (0.4ms)[0m  [1m[32mINSERT INTO "expenses" ("description", "amount", "created_at", "updated_at", "user_id") VALUES (?, ?, ?, ?, ?)[0m  [["description", "pineapple juice"], ["amount", 7.0], ["created_at", "2021-05-25 01:28:23.751275"], ["updated_at", "2021-05-25 01:28:23.751275"], ["user_id", 2]]
  [1m[36mTRANSACTION (1.8ms)[0m  [1m[36mcommit transaction[0m
  [1m[36mTRANSACTION (0.1ms)[0m  [1m[36mbegin transaction[0m
  [1m[36mExpense Create (0.4ms)[0m  [1m[32mINSERT INTO "expenses" ("date", "description", "amount", "created_at", "updated_at", "user_id") VALUES (?, ?, ?, ?, ?, ?)[0m  [["date", "2020-01-06"], ["description", "dog treats"], ["amount", 10.0], ["created_at", "2021-05-25 01:28:23.763365"], ["updated_at", "2021-05-25 01:28:23.763365"], ["user_id", 3]]
  [1m[36mTRANSACTION (1.7ms)[0m  [1m[36mcommit transaction[0m
  [1m[35m (2.1ms)[0m  [1m[34mSELECT sqlite_version(*)[0m
  [1m[35m (2.2ms)[0m  [1m[35mCREATE TABLE "schema_migrations" ("version" varchar NOT NULL PRIMARY KEY)[0m
  [1m[35m (2.2ms)[0m  [1m[35mCREATE TABLE "ar_internal_metadata" ("key" varchar NOT NULL PRIMARY KEY, "value" varchar, "created_at" datetime(6) NOT NULL, "updated_at" datetime(6) NOT NULL)[0m
  [1m[35m (0.2ms)[0m  [1m[34mSELECT "schema_migrations"."version" FROM "schema_migrations" ORDER BY "schema_migrations"."version" ASC[0m
Migrating to CreateUsers (20210524230249)
  [1m[36mTRANSACTION (0.1ms)[0m  [1m[36mbegin transaction[0m
  [1m[35m (0.5ms)[0m  [1m[35mCREATE TABLE "users" ("id" integer PRIMARY KEY AUTOINCREMENT NOT NULL, "email" varchar, "password_digest" varchar, "amount" decimal, "created_at" datetime(6) NOT NULL, "updated_at" datetime(6) NOT NULL)[0m
  [1m[36mActiveRecord::SchemaMigration Create (0.2ms)[0m  [1m[32mINSERT INTO "schema_migrations" ("version") VALUES (?)[0m  [["version", "20210524230249"]]
  [1m[36mTRANSACTION (1.8ms)[0m  [1m[36mcommit transaction[0m
Migrating to CreateExpenses (20210524232735)
  [1m[36mTRANSACTION (0.1ms)[0m  [1m[36mbegin transaction[0m
  [1m[35m (0.5ms)[0m  [1m[35mCREATE TABLE "expenses" ("id" integer PRIMARY KEY AUTOINCREMENT NOT NULL, "date" date, "description" varchar, "amount" decimal, "created_at" datetime(6) NOT NULL, "updated_at" datetime(6) NOT NULL)[0m
  [1m[36mActiveRecord::SchemaMigration Create (0.8ms)[0m  [1m[32mINSERT INTO "schema_migrations" ("version") VALUES (?)[0m  [["version", "20210524232735"]]
  [1m[36mTRANSACTION (3.7ms)[0m  [1m[36mcommit transaction[0m
Migrating to RemoveAmountFromUsers (20210524233023)
  [1m[36mTRANSACTION (0.2ms)[0m  [1m[36mbegin transaction[0m
  [1m[35m (0.1ms)[0m  [1m[35mPRAGMA foreign_keys[0m
  [1m[35m (0.1ms)[0m  [1m[35mPRAGMA defer_foreign_keys[0m
  [1m[35m (0.6ms)[0m  [1m[35mPRAGMA defer_foreign_keys = ON[0m
  [1m[35m (0.7ms)[0m  [1m[35mPRAGMA foreign_keys = OFF[0m
  [1m[35m (1.0ms)[0m  [1m[35mCREATE TEMPORARY TABLE "ausers" ("id" integer NOT NULL PRIMARY KEY, "email" varchar DEFAULT NULL, "password_digest" varchar DEFAULT NULL, "amount" decimal DEFAULT NULL, "created_at" datetime(6) NOT NULL, "updated_at" datetime(6) NOT NULL)[0m
  [1m[35m (0.1ms)[0m  [1m[32mINSERT INTO "ausers" ("id","email","password_digest","amount","created_at","updated_at")
                     SELECT "id","email","password_digest","amount","created_at","updated_at" FROM "users"[0m
  [1m[35m (0.8ms)[0m  [1m[35mDROP TABLE "users"[0m
  [1m[35m (0.2ms)[0m  [1m[35mCREATE TABLE "users" ("id" integer NOT NULL PRIMARY KEY, "email" varchar DEFAULT NULL, "password_digest" varchar DEFAULT NULL, "created_at" datetime(6) NOT NULL, "updated_at" datetime(6) NOT NULL)[0m
  [1m[35m (0.1ms)[0m  [1m[32mINSERT INTO "users" ("id","email","password_digest","created_at","updated_at")
                     SELECT "id","email","password_digest","created_at","updated_at" FROM "ausers"[0m
  [1m[35m (0.1ms)[0m  [1m[35mDROP TABLE "ausers"[0m
  [1m[35m (0.1ms)[0m  [1m[35mPRAGMA defer_foreign_keys = 0[0m
  [1m[35m (0.1ms)[0m  [1m[35mPRAGMA foreign_keys = 1[0m
  [1m[36mActiveRecord::SchemaMigration Create (0.3ms)[0m  [1m[32mINSERT INTO "schema_migrations" ("version") VALUES (?)[0m  [["version", "20210524233023"]]
  [1m[36mTRANSACTION (1.7ms)[0m  [1m[36mcommit transaction[0m
Migrating to AddUserIdToExpenses (20210525012124)
  [1m[36mTRANSACTION (0.1ms)[0m  [1m[36mbegin transaction[0m
  [1m[35m (0.4ms)[0m  [1m[35mALTER TABLE "expenses" ADD "user_id" integer[0m
  [1m[36mActiveRecord::SchemaMigration Create (0.8ms)[0m  [1m[32mINSERT INTO "schema_migrations" ("version") VALUES (?)[0m  [["version", "20210525012124"]]
  [1m[36mTRANSACTION (9.8ms)[0m  [1m[36mcommit transaction[0m
  [1m[36mActiveRecord::InternalMetadata Load (0.2ms)[0m  [1m[34mSELECT "ar_internal_metadata".* FROM "ar_internal_metadata" WHERE "ar_internal_metadata"."key" = ? LIMIT ?[0m  [["key", "environment"], ["LIMIT", 1]]
  [1m[36mTRANSACTION (0.3ms)[0m  [1m[36mbegin transaction[0m
  [1m[36mActiveRecord::InternalMetadata Create (1.4ms)[0m  [1m[32mINSERT INTO "ar_internal_metadata" ("key", "value", "created_at", "updated_at") VALUES (?, ?, ?, ?)[0m  [["key", "environment"], ["value", "development"], ["created_at", "2021-05-25 01:30:12.579182"], ["updated_at", "2021-05-25 01:30:12.579182"]]
  [1m[36mTRANSACTION (1.6ms)[0m  [1m[36mcommit transaction[0m
  [1m[35m (0.2ms)[0m  [1m[34mSELECT sqlite_version(*)[0m
  [1m[35m (0.1ms)[0m  [1m[34mSELECT "schema_migrations"."version" FROM "schema_migrations" ORDER BY "schema_migrations"."version" ASC[0m
  [1m[35m (0.5ms)[0m  [1m[34mSELECT sqlite_version(*)[0m
  [1m[35m (0.2ms)[0m  [1m[34mSELECT "schema_migrations"."version" FROM "schema_migrations" ORDER BY "schema_migrations"."version" ASC[0m
  [1m[35m (0.1ms)[0m  [1m[34mSELECT sqlite_version(*)[0m
  [1m[36mTRANSACTION (0.1ms)[0m  [1m[36mbegin transaction[0m
  [1m[36mUser Create (0.5ms)[0m  [1m[32mINSERT INTO "users" ("email", "created_at", "updated_at") VALUES (?, ?, ?)[0m  [["email", "jenndestes@gmail.com"], ["created_at", "2021-05-25 01:30:20.131206"], ["updated_at", "2021-05-25 01:30:20.131206"]]
  [1m[36mTRANSACTION (1.9ms)[0m  [1m[36mcommit transaction[0m
  [1m[36mTRANSACTION (0.0ms)[0m  [1m[36mbegin transaction[0m
  [1m[36mUser Create (0.4ms)[0m  [1m[32mINSERT INTO "users" ("email", "created_at", "updated_at") VALUES (?, ?, ?)[0m  [["email", "billywilly@gmail.com"], ["created_at", "2021-05-25 01:30:20.136716"], ["updated_at", "2021-05-25 01:30:20.136716"]]
  [1m[36mTRANSACTION (1.9ms)[0m  [1m[36mcommit transaction[0m
  [1m[36mTRANSACTION (0.0ms)[0m  [1m[36mbegin transaction[0m
  [1m[36mUser Create (0.3ms)[0m  [1m[32mINSERT INTO "users" ("email", "created_at", "updated_at") VALUES (?, ?, ?)[0m  [["email", "cutedoggo@gmail.com"], ["created_at", "2021-05-25 01:30:20.141904"], ["updated_at", "2021-05-25 01:30:20.141904"]]
  [1m[36mTRANSACTION (1.9ms)[0m  [1m[36mcommit transaction[0m
  [1m[36mTRANSACTION (0.1ms)[0m  [1m[36mbegin transaction[0m
  [1m[36mExpense Create (0.4ms)[0m  [1m[32mINSERT INTO "expenses" ("date", "description", "amount", "created_at", "updated_at", "user_id") VALUES (?, ?, ?, ?, ?, ?)[0m  [["date", "2021-01-12"], ["description", "birthday party"], ["amount", 200.0], ["created_at", "2021-05-25 01:30:20.185361"], ["updated_at", "2021-05-25 01:30:20.185361"], ["user_id", 1]]
  [1m[36mTRANSACTION (1.7ms)[0m  [1m[36mcommit transaction[0m
  [1m[36mTRANSACTION (0.1ms)[0m  [1m[36mbegin transaction[0m
  [1m[36mExpense Create (0.5ms)[0m  [1m[32mINSERT INTO "expenses" ("date", "description", "amount", "created_at", "updated_at", "user_id") VALUES (?, ?, ?, ?, ?, ?)[0m  [["date", "2021-04-20"], ["description", "pineapple juice"], ["amount", 7.0], ["created_at", "2021-05-25 01:30:20.199314"], ["updated_at", "2021-05-25 01:30:20.199314"], ["user_id", 2]]
  [1m[36mTRANSACTION (1.8ms)[0m  [1m[36mcommit transaction[0m
  [1m[36mTRANSACTION (0.1ms)[0m  [1m[36mbegin transaction[0m
  [1m[36mExpense Create (0.6ms)[0m  [1m[32mINSERT INTO "expenses" ("date", "description", "amount", "created_at", "updated_at", "user_id") VALUES (?, ?, ?, ?, ?, ?)[0m  [["date", "2020-06-01"], ["description", "dog treats"], ["amount", 10.0], ["created_at", "2021-05-25 01:30:20.210591"], ["updated_at", "2021-05-25 01:30:20.210591"], ["user_id", 3]]
  [1m[36mTRANSACTION (1.5ms)[0m  [1m[36mcommit transaction[0m
  [1m[35m (0.4ms)[0m  [1m[34mSELECT sqlite_version(*)[0m
  [1m[35m (2.2ms)[0m  [1m[35mCREATE TABLE "schema_migrations" ("version" varchar NOT NULL PRIMARY KEY)[0m
  [1m[35m (2.1ms)[0m  [1m[35mCREATE TABLE "ar_internal_metadata" ("key" varchar NOT NULL PRIMARY KEY, "value" varchar, "created_at" datetime(6) NOT NULL, "updated_at" datetime(6) NOT NULL)[0m
  [1m[35m (0.1ms)[0m  [1m[34mSELECT "schema_migrations"."version" FROM "schema_migrations" ORDER BY "schema_migrations"."version" ASC[0m
Migrating to CreateUsers (20210524230249)
  [1m[36mTRANSACTION (0.1ms)[0m  [1m[36mbegin transaction[0m
  [1m[35m (0.4ms)[0m  [1m[35mCREATE TABLE "users" ("id" integer PRIMARY KEY AUTOINCREMENT NOT NULL, "email" varchar, "password_digest" varchar, "amount" decimal, "created_at" datetime(6) NOT NULL, "updated_at" datetime(6) NOT NULL)[0m
  [1m[36mActiveRecord::SchemaMigration Create (1.1ms)[0m  [1m[32mINSERT INTO "schema_migrations" ("version") VALUES (?)[0m  [["version", "20210524230249"]]
  [1m[36mTRANSACTION (3.1ms)[0m  [1m[36mcommit transaction[0m
Migrating to CreateExpenses (20210524232735)
  [1m[36mTRANSACTION (0.1ms)[0m  [1m[36mbegin transaction[0m
  [1m[35m (0.4ms)[0m  [1m[35mCREATE TABLE "expenses" ("id" integer PRIMARY KEY AUTOINCREMENT NOT NULL, "date" date, "description" varchar, "amount" decimal, "created_at" datetime(6) NOT NULL, "updated_at" datetime(6) NOT NULL)[0m
  [1m[36mActiveRecord::SchemaMigration Create (0.2ms)[0m  [1m[32mINSERT INTO "schema_migrations" ("version") VALUES (?)[0m  [["version", "20210524232735"]]
  [1m[36mTRANSACTION (1.7ms)[0m  [1m[36mcommit transaction[0m
Migrating to RemoveAmountFromUsers (20210524233023)
  [1m[36mTRANSACTION (0.1ms)[0m  [1m[36mbegin transaction[0m
  [1m[35m (0.0ms)[0m  [1m[35mPRAGMA foreign_keys[0m
  [1m[35m (0.0ms)[0m  [1m[35mPRAGMA defer_foreign_keys[0m
  [1m[35m (0.0ms)[0m  [1m[35mPRAGMA defer_foreign_keys = ON[0m
  [1m[35m (0.1ms)[0m  [1m[35mPRAGMA foreign_keys = OFF[0m
  [1m[35m (0.1ms)[0m  [1m[35mCREATE TEMPORARY TABLE "ausers" ("id" integer NOT NULL PRIMARY KEY, "email" varchar DEFAULT NULL, "password_digest" varchar DEFAULT NULL, "amount" decimal DEFAULT NULL, "created_at" datetime(6) NOT NULL, "updated_at" datetime(6) NOT NULL)[0m
  [1m[35m (0.1ms)[0m  [1m[32mINSERT INTO "ausers" ("id","email","password_digest","amount","created_at","updated_at")
                     SELECT "id","email","password_digest","amount","created_at","updated_at" FROM "users"[0m
  [1m[35m (0.3ms)[0m  [1m[35mDROP TABLE "users"[0m
  [1m[35m (0.1ms)[0m  [1m[35mCREATE TABLE "users" ("id" integer NOT NULL PRIMARY KEY, "email" varchar DEFAULT NULL, "password_digest" varchar DEFAULT NULL, "created_at" datetime(6) NOT NULL, "updated_at" datetime(6) NOT NULL)[0m
  [1m[35m (0.1ms)[0m  [1m[32mINSERT INTO "users" ("id","email","password_digest","created_at","updated_at")
                     SELECT "id","email","password_digest","created_at","updated_at" FROM "ausers"[0m
  [1m[35m (0.1ms)[0m  [1m[35mDROP TABLE "ausers"[0m
  [1m[35m (0.0ms)[0m  [1m[35mPRAGMA defer_foreign_keys = 0[0m
  [1m[35m (0.0ms)[0m  [1m[35mPRAGMA foreign_keys = 1[0m
  [1m[36mActiveRecord::SchemaMigration Create (0.2ms)[0m  [1m[32mINSERT INTO "schema_migrations" ("version") VALUES (?)[0m  [["version", "20210524233023"]]
  [1m[36mTRANSACTION (1.8ms)[0m  [1m[36mcommit transaction[0m
Migrating to AddUserIdToExpenses (20210525012124)
  [1m[36mTRANSACTION (0.1ms)[0m  [1m[36mbegin transaction[0m
  [1m[35m (0.5ms)[0m  [1m[35mALTER TABLE "expenses" ADD "user_id" integer[0m
  [1m[36mActiveRecord::SchemaMigration Create (0.2ms)[0m  [1m[32mINSERT INTO "schema_migrations" ("version") VALUES (?)[0m  [["version", "20210525012124"]]
  [1m[36mTRANSACTION (1.6ms)[0m  [1m[36mcommit transaction[0m
  [1m[36mActiveRecord::InternalMetadata Load (0.2ms)[0m  [1m[34mSELECT "ar_internal_metadata".* FROM "ar_internal_metadata" WHERE "ar_internal_metadata"."key" = ? LIMIT ?[0m  [["key", "environment"], ["LIMIT", 1]]
  [1m[36mTRANSACTION (0.1ms)[0m  [1m[36mbegin transaction[0m
  [1m[36mActiveRecord::InternalMetadata Create (0.4ms)[0m  [1m[32mINSERT INTO "ar_internal_metadata" ("key", "value", "created_at", "updated_at") VALUES (?, ?, ?, ?)[0m  [["key", "environment"], ["value", "development"], ["created_at", "2021-05-25 01:33:03.525542"], ["updated_at", "2021-05-25 01:33:03.525542"]]
  [1m[36mTRANSACTION (1.4ms)[0m  [1m[36mcommit transaction[0m
  [1m[35m (0.1ms)[0m  [1m[34mSELECT sqlite_version(*)[0m
  [1m[35m (0.1ms)[0m  [1m[34mSELECT "schema_migrations"."version" FROM "schema_migrations" ORDER BY "schema_migrations"."version" ASC[0m
  [1m[35m (0.5ms)[0m  [1m[34mSELECT sqlite_version(*)[0m
  [1m[35m (0.1ms)[0m  [1m[34mSELECT "schema_migrations"."version" FROM "schema_migrations" ORDER BY "schema_migrations"."version" ASC[0m
  [1m[35m (0.1ms)[0m  [1m[34mSELECT sqlite_version(*)[0m
  [1m[36mTRANSACTION (0.0ms)[0m  [1m[36mbegin transaction[0m
  [1m[36mUser Create (0.5ms)[0m  [1m[32mINSERT INTO "users" ("email", "created_at", "updated_at") VALUES (?, ?, ?)[0m  [["email", "jenndestes@gmail.com"], ["created_at", "2021-05-25 01:33:06.937828"], ["updated_at", "2021-05-25 01:33:06.937828"]]
  [1m[36mTRANSACTION (1.6ms)[0m  [1m[36mcommit transaction[0m
  [1m[36mTRANSACTION (0.0ms)[0m  [1m[36mbegin transaction[0m
  [1m[36mUser Create (0.3ms)[0m  [1m[32mINSERT INTO "users" ("email", "created_at", "updated_at") VALUES (?, ?, ?)[0m  [["email", "billywilly@gmail.com"], ["created_at", "2021-05-25 01:33:06.943198"], ["updated_at", "2021-05-25 01:33:06.943198"]]
  [1m[36mTRANSACTION (1.8ms)[0m  [1m[36mcommit transaction[0m
  [1m[36mTRANSACTION (0.0ms)[0m  [1m[36mbegin transaction[0m
  [1m[36mUser Create (0.3ms)[0m  [1m[32mINSERT INTO "users" ("email", "created_at", "updated_at") VALUES (?, ?, ?)[0m  [["email", "cutedoggo@gmail.com"], ["created_at", "2021-05-25 01:33:06.948398"], ["updated_at", "2021-05-25 01:33:06.948398"]]
  [1m[36mTRANSACTION (1.8ms)[0m  [1m[36mcommit transaction[0m
  [1m[36mTRANSACTION (0.1ms)[0m  [1m[36mbegin transaction[0m
  [1m[36mExpense Create (0.4ms)[0m  [1m[32mINSERT INTO "expenses" ("date", "description", "amount", "created_at", "updated_at", "user_id") VALUES (?, ?, ?, ?, ?, ?)[0m  [["date", "2021-01-12"], ["description", "birthday party"], ["amount", 200.0], ["created_at", "2021-05-25 01:33:06.966456"], ["updated_at", "2021-05-25 01:33:06.966456"], ["user_id", 1]]
  [1m[36mTRANSACTION (1.7ms)[0m  [1m[36mcommit transaction[0m
  [1m[36mTRANSACTION (0.0ms)[0m  [1m[36mbegin transaction[0m
  [1m[36mExpense Create (0.4ms)[0m  [1m[32mINSERT INTO "expenses" ("date", "description", "amount", "created_at", "updated_at", "user_id") VALUES (?, ?, ?, ?, ?, ?)[0m  [["date", "2021-04-20"], ["description", "pineapple juice"], ["amount", 7.0], ["created_at", "2021-05-25 01:33:06.972276"], ["updated_at", "2021-05-25 01:33:06.972276"], ["user_id", 2]]
  [1m[36mTRANSACTION (1.7ms)[0m  [1m[36mcommit transaction[0m
  [1m[36mTRANSACTION (0.1ms)[0m  [1m[36mbegin transaction[0m
  [1m[36mExpense Create (0.4ms)[0m  [1m[32mINSERT INTO "expenses" ("date", "description", "amount", "created_at", "updated_at", "user_id") VALUES (?, ?, ?, ?, ?, ?)[0m  [["date", "2020-06-01"], ["description", "dog treats"], ["amount", 10.0], ["created_at", "2021-05-25 01:33:06.977890"], ["updated_at", "2021-05-25 01:33:06.977890"], ["user_id", 3]]
  [1m[36mTRANSACTION (1.7ms)[0m  [1m[36mcommit transaction[0m
Started GET "/api/v1/users" for ::1 at 2021-05-24 20:33:39 -0500
Processing by Api::V1::UsersController#index as HTML
  [1m[35m (0.1ms)[0m  [1m[34mSELECT sqlite_version(*)[0m
  ↳ app/controllers/api/v1/users_controller.rb:8:in `index'
  [1m[36mUser Load (0.2ms)[0m  [1m[34mSELECT "users".* FROM "users"[0m
  ↳ app/controllers/api/v1/users_controller.rb:8:in `index'
Completed 200 OK in 11ms (Views: 7.0ms | ActiveRecord: 0.5ms | Allocations: 4804)


Started GET "/api/v1/users" for ::1 at 2021-05-24 20:38:19 -0500
Processing by Api::V1::UsersController#index as HTML
  [1m[35m (0.1ms)[0m  [1m[34mSELECT sqlite_version(*)[0m
  ↳ app/controllers/api/v1/users_controller.rb:8:in `index'
  [1m[36mUser Load (0.2ms)[0m  [1m[34mSELECT "users".* FROM "users"[0m
  ↳ app/controllers/api/v1/users_controller.rb:8:in `index'
Completed 200 OK in 13ms (Views: 8.6ms | ActiveRecord: 1.4ms | Allocations: 5197)


Started GET "/api/v1/users" for ::1 at 2021-05-24 20:40:43 -0500
Processing by Api::V1::UsersController#index as HTML
  [1m[36mUser Load (0.2ms)[0m  [1m[34mSELECT "users".* FROM "users"[0m
  ↳ app/controllers/api/v1/users_controller.rb:8:in `index'
Completed 200 OK in 3ms (Views: 2.3ms | ActiveRecord: 0.2ms | Allocations: 918)


  [1m[35m (2.2ms)[0m  [1m[34mSELECT sqlite_version(*)[0m
  [1m[35m (0.2ms)[0m  [1m[34mSELECT "schema_migrations"."version" FROM "schema_migrations" ORDER BY "schema_migrations"."version" ASC[0m
  [1m[35m (0.1ms)[0m  [1m[34mSELECT sqlite_version(*)[0m
  [1m[36mTRANSACTION (0.1ms)[0m  [1m[36mbegin transaction[0m
  [1m[36mUser Create (0.9ms)[0m  [1m[32mINSERT INTO "users" ("email", "created_at", "updated_at") VALUES (?, ?, ?)[0m  [["email", "jenndestes@gmail.com"], ["created_at", "2021-05-25 01:44:38.073401"], ["updated_at", "2021-05-25 01:44:38.073401"]]
  [1m[36mTRANSACTION (2.1ms)[0m  [1m[36mcommit transaction[0m
Started GET "/api/v1/users" for ::1 at 2021-05-24 20:44:38 -0500
  [1m[36mTRANSACTION (0.1ms)[0m  [1m[36mbegin transaction[0m
Processing by Api::V1::UsersController#index as HTML
  [1m[36mUser Create (0.8ms)[0m  [1m[32mINSERT INTO "users" ("email", "created_at", "updated_at") VALUES (?, ?, ?)[0m  [["email", "billywilly@gmail.com"], ["created_at", "2021-05-25 01:44:38.085127"], ["updated_at", "2021-05-25 01:44:38.085127"]]
  [1m[36mUser Load (0.2ms)[0m  [1m[34mSELECT "users".* FROM "users"[0m
  ↳ app/controllers/api/v1/users_controller.rb:8:in `index'
  [1m[36mTRANSACTION (2.2ms)[0m  [1m[36mcommit transaction[0m
Completed 200 OK in 4ms (Views: 3.0ms | ActiveRecord: 0.2ms | Allocations: 1031)


  [1m[36mTRANSACTION (0.1ms)[0m  [1m[36mbegin transaction[0m
  [1m[36mUser Create (0.6ms)[0m  [1m[32mINSERT INTO "users" ("email", "created_at", "updated_at") VALUES (?, ?, ?)[0m  [["email", "cutedoggo@gmail.com"], ["created_at", "2021-05-25 01:44:38.092802"], ["updated_at", "2021-05-25 01:44:38.092802"]]
  [1m[36mTRANSACTION (1.2ms)[0m  [1m[36mcommit transaction[0m
  [1m[36mTRANSACTION (0.1ms)[0m  [1m[36mbegin transaction[0m
  [1m[36mExpense Create (0.8ms)[0m  [1m[32mINSERT INTO "expenses" ("date", "description", "amount", "created_at", "updated_at", "user_id") VALUES (?, ?, ?, ?, ?, ?)[0m  [["date", "2021-10-10"], ["description", "birthday party"], ["amount", 200.0], ["created_at", "2021-05-25 01:44:38.168403"], ["updated_at", "2021-05-25 01:44:38.168403"], ["user_id", 4]]
  [1m[36mExpense Create (0.2ms)[0m  [1m[32mINSERT INTO "expenses" ("date", "description", "amount", "created_at", "updated_at", "user_id") VALUES (?, ?, ?, ?, ?, ?)[0m  [["date", "2021-06-01"], ["description", "sunglasses"], ["amount", 50.0], ["created_at", "2021-05-25 01:44:38.183864"], ["updated_at", "2021-05-25 01:44:38.183864"], ["user_id", 4]]
  [1m[36mTRANSACTION (4.5ms)[0m  [1m[36mcommit transaction[0m
  [1m[36mTRANSACTION (0.3ms)[0m  [1m[36mbegin transaction[0m
  [1m[36mExpense Create (1.4ms)[0m  [1m[32mINSERT INTO "expenses" ("date", "description", "amount", "created_at", "updated_at", "user_id") VALUES (?, ?, ?, ?, ?, ?)[0m  [["date", "2021-04-20"], ["description", "pineapple juice"], ["amount", 7.0], ["created_at", "2021-05-25 01:44:38.221421"], ["updated_at", "2021-05-25 01:44:38.221421"], ["user_id", 5]]
  [1m[36mExpense Create (0.2ms)[0m  [1m[32mINSERT INTO "expenses" ("date", "description", "amount", "created_at", "updated_at", "user_id") VALUES (?, ?, ?, ?, ?, ?)[0m  [["date", "2021-04-20"], ["description", "bubble gum"], ["amount", 2.0], ["created_at", "2021-05-25 01:44:38.279538"], ["updated_at", "2021-05-25 01:44:38.279538"], ["user_id", 5]]
  [1m[36mTRANSACTION (2.7ms)[0m  [1m[36mcommit transaction[0m
  [1m[36mTRANSACTION (0.1ms)[0m  [1m[36mbegin transaction[0m
  [1m[36mExpense Create (0.8ms)[0m  [1m[32mINSERT INTO "expenses" ("date", "description", "amount", "created_at", "updated_at", "user_id") VALUES (?, ?, ?, ?, ?, ?)[0m  [["date", "2020-06-01"], ["description", "dog treats"], ["amount", 10.0], ["created_at", "2021-05-25 01:44:38.288619"], ["updated_at", "2021-05-25 01:44:38.288619"], ["user_id", 6]]
  [1m[36mExpense Create (0.4ms)[0m  [1m[32mINSERT INTO "expenses" ("date", "description", "amount", "created_at", "updated_at", "user_id") VALUES (?, ?, ?, ?, ?, ?)[0m  [["date", "2020-06-01"], ["description", "doggie baggies"], ["amount", 8.0], ["created_at", "2021-05-25 01:44:38.295960"], ["updated_at", "2021-05-25 01:44:38.295960"], ["user_id", 6]]
  [1m[36mTRANSACTION (2.8ms)[0m  [1m[36mcommit transaction[0m
  [1m[35m (0.5ms)[0m  [1m[34mSELECT sqlite_version(*)[0m
  [1m[35m (2.1ms)[0m  [1m[35mCREATE TABLE "schema_migrations" ("version" varchar NOT NULL PRIMARY KEY)[0m
  [1m[35m (2.1ms)[0m  [1m[35mCREATE TABLE "ar_internal_metadata" ("key" varchar NOT NULL PRIMARY KEY, "value" varchar, "created_at" datetime(6) NOT NULL, "updated_at" datetime(6) NOT NULL)[0m
  [1m[35m (0.2ms)[0m  [1m[34mSELECT "schema_migrations"."version" FROM "schema_migrations" ORDER BY "schema_migrations"."version" ASC[0m
Migrating to CreateUsers (20210524230249)
  [1m[36mTRANSACTION (0.1ms)[0m  [1m[36mbegin transaction[0m
  [1m[35m (0.5ms)[0m  [1m[35mCREATE TABLE "users" ("id" integer PRIMARY KEY AUTOINCREMENT NOT NULL, "email" varchar, "password_digest" varchar, "amount" decimal, "created_at" datetime(6) NOT NULL, "updated_at" datetime(6) NOT NULL)[0m
  [1m[36mActiveRecord::SchemaMigration Create (0.2ms)[0m  [1m[32mINSERT INTO "schema_migrations" ("version") VALUES (?)[0m  [["version", "20210524230249"]]
  [1m[36mTRANSACTION (7.7ms)[0m  [1m[36mcommit transaction[0m
Migrating to CreateExpenses (20210524232735)
  [1m[36mTRANSACTION (0.3ms)[0m  [1m[36mbegin transaction[0m
  [1m[35m (1.0ms)[0m  [1m[35mCREATE TABLE "expenses" ("id" integer PRIMARY KEY AUTOINCREMENT NOT NULL, "date" date, "description" varchar, "amount" decimal, "created_at" datetime(6) NOT NULL, "updated_at" datetime(6) NOT NULL)[0m
  [1m[36mActiveRecord::SchemaMigration Create (0.2ms)[0m  [1m[32mINSERT INTO "schema_migrations" ("version") VALUES (?)[0m  [["version", "20210524232735"]]
  [1m[36mTRANSACTION (1.8ms)[0m  [1m[36mcommit transaction[0m
Migrating to RemoveAmountFromUsers (20210524233023)
  [1m[36mTRANSACTION (0.1ms)[0m  [1m[36mbegin transaction[0m
  [1m[35m (0.0ms)[0m  [1m[35mPRAGMA foreign_keys[0m
  [1m[35m (0.1ms)[0m  [1m[35mPRAGMA defer_foreign_keys[0m
  [1m[35m (0.1ms)[0m  [1m[35mPRAGMA defer_foreign_keys = ON[0m
  [1m[35m (0.0ms)[0m  [1m[35mPRAGMA foreign_keys = OFF[0m
  [1m[35m (0.1ms)[0m  [1m[35mCREATE TEMPORARY TABLE "ausers" ("id" integer NOT NULL PRIMARY KEY, "email" varchar DEFAULT NULL, "password_digest" varchar DEFAULT NULL, "amount" decimal DEFAULT NULL, "created_at" datetime(6) NOT NULL, "updated_at" datetime(6) NOT NULL)[0m
  [1m[35m (0.1ms)[0m  [1m[32mINSERT INTO "ausers" ("id","email","password_digest","amount","created_at","updated_at")
                     SELECT "id","email","password_digest","amount","created_at","updated_at" FROM "users"[0m
  [1m[35m (0.3ms)[0m  [1m[35mDROP TABLE "users"[0m
  [1m[35m (0.1ms)[0m  [1m[35mCREATE TABLE "users" ("id" integer NOT NULL PRIMARY KEY, "email" varchar DEFAULT NULL, "password_digest" varchar DEFAULT NULL, "created_at" datetime(6) NOT NULL, "updated_at" datetime(6) NOT NULL)[0m
  [1m[35m (0.1ms)[0m  [1m[32mINSERT INTO "users" ("id","email","password_digest","created_at","updated_at")
                     SELECT "id","email","password_digest","created_at","updated_at" FROM "ausers"[0m
  [1m[35m (0.2ms)[0m  [1m[35mDROP TABLE "ausers"[0m
  [1m[35m (0.1ms)[0m  [1m[35mPRAGMA defer_foreign_keys = 0[0m
  [1m[35m (0.0ms)[0m  [1m[35mPRAGMA foreign_keys = 1[0m
  [1m[36mActiveRecord::SchemaMigration Create (0.2ms)[0m  [1m[32mINSERT INTO "schema_migrations" ("version") VALUES (?)[0m  [["version", "20210524233023"]]
  [1m[36mTRANSACTION (1.7ms)[0m  [1m[36mcommit transaction[0m
Migrating to AddUserIdToExpenses (20210525012124)
  [1m[36mTRANSACTION (0.1ms)[0m  [1m[36mbegin transaction[0m
  [1m[35m (0.5ms)[0m  [1m[35mALTER TABLE "expenses" ADD "user_id" integer[0m
  [1m[36mActiveRecord::SchemaMigration Create (0.2ms)[0m  [1m[32mINSERT INTO "schema_migrations" ("version") VALUES (?)[0m  [["version", "20210525012124"]]
  [1m[36mTRANSACTION (1.7ms)[0m  [1m[36mcommit transaction[0m
  [1m[36mActiveRecord::InternalMetadata Load (0.2ms)[0m  [1m[34mSELECT "ar_internal_metadata".* FROM "ar_internal_metadata" WHERE "ar_internal_metadata"."key" = ? LIMIT ?[0m  [["key", "environment"], ["LIMIT", 1]]
  [1m[36mTRANSACTION (0.1ms)[0m  [1m[36mbegin transaction[0m
  [1m[36mActiveRecord::InternalMetadata Create (0.4ms)[0m  [1m[32mINSERT INTO "ar_internal_metadata" ("key", "value", "created_at", "updated_at") VALUES (?, ?, ?, ?)[0m  [["key", "environment"], ["value", "development"], ["created_at", "2021-05-25 01:45:22.658433"], ["updated_at", "2021-05-25 01:45:22.658433"]]
  [1m[36mTRANSACTION (1.4ms)[0m  [1m[36mcommit transaction[0m
  [1m[35m (0.1ms)[0m  [1m[34mSELECT sqlite_version(*)[0m
  [1m[35m (0.1ms)[0m  [1m[34mSELECT "schema_migrations"."version" FROM "schema_migrations" ORDER BY "schema_migrations"."version" ASC[0m
  [1m[35m (0.5ms)[0m  [1m[34mSELECT sqlite_version(*)[0m
  [1m[35m (0.1ms)[0m  [1m[34mSELECT "schema_migrations"."version" FROM "schema_migrations" ORDER BY "schema_migrations"."version" ASC[0m
  [1m[35m (0.1ms)[0m  [1m[34mSELECT sqlite_version(*)[0m
  [1m[36mTRANSACTION (0.1ms)[0m  [1m[36mbegin transaction[0m
  [1m[36mUser Create (0.5ms)[0m  [1m[32mINSERT INTO "users" ("email", "created_at", "updated_at") VALUES (?, ?, ?)[0m  [["email", "jenndestes@gmail.com"], ["created_at", "2021-05-25 01:45:27.421322"], ["updated_at", "2021-05-25 01:45:27.421322"]]
  [1m[36mTRANSACTION (1.8ms)[0m  [1m[36mcommit transaction[0m
  [1m[36mTRANSACTION (0.0ms)[0m  [1m[36mbegin transaction[0m
  [1m[36mUser Create (0.3ms)[0m  [1m[32mINSERT INTO "users" ("email", "created_at", "updated_at") VALUES (?, ?, ?)[0m  [["email", "billywilly@gmail.com"], ["created_at", "2021-05-25 01:45:27.426919"], ["updated_at", "2021-05-25 01:45:27.426919"]]
  [1m[36mTRANSACTION (1.7ms)[0m  [1m[36mcommit transaction[0m
  [1m[36mTRANSACTION (0.0ms)[0m  [1m[36mbegin transaction[0m
  [1m[36mUser Create (0.3ms)[0m  [1m[32mINSERT INTO "users" ("email", "created_at", "updated_at") VALUES (?, ?, ?)[0m  [["email", "cutedoggo@gmail.com"], ["created_at", "2021-05-25 01:45:27.431786"], ["updated_at", "2021-05-25 01:45:27.431786"]]
  [1m[36mTRANSACTION (1.8ms)[0m  [1m[36mcommit transaction[0m
  [1m[36mTRANSACTION (0.1ms)[0m  [1m[36mbegin transaction[0m
  [1m[36mExpense Create (0.4ms)[0m  [1m[32mINSERT INTO "expenses" ("date", "description", "amount", "created_at", "updated_at", "user_id") VALUES (?, ?, ?, ?, ?, ?)[0m  [["date", "2021-10-10"], ["description", "birthday party"], ["amount", 200.0], ["created_at", "2021-05-25 01:45:27.449543"], ["updated_at", "2021-05-25 01:45:27.449543"], ["user_id", 1]]
  [1m[36mExpense Create (0.1ms)[0m  [1m[32mINSERT INTO "expenses" ("date", "description", "amount", "created_at", "updated_at", "user_id") VALUES (?, ?, ?, ?, ?, ?)[0m  [["date", "2021-06-01"], ["description", "sunglasses"], ["amount", 50.0], ["created_at", "2021-05-25 01:45:27.452608"], ["updated_at", "2021-05-25 01:45:27.452608"], ["user_id", 1]]
  [1m[36mTRANSACTION (1.7ms)[0m  [1m[36mcommit transaction[0m
  [1m[36mTRANSACTION (0.0ms)[0m  [1m[36mbegin transaction[0m
  [1m[36mExpense Create (0.4ms)[0m  [1m[32mINSERT INTO "expenses" ("date", "description", "amount", "created_at", "updated_at", "user_id") VALUES (?, ?, ?, ?, ?, ?)[0m  [["date", "2021-04-20"], ["description", "pineapple juice"], ["amount", 7.0], ["created_at", "2021-05-25 01:45:27.456940"], ["updated_at", "2021-05-25 01:45:27.456940"], ["user_id", 2]]
  [1m[36mExpense Create (0.1ms)[0m  [1m[32mINSERT INTO "expenses" ("date", "description", "amount", "created_at", "updated_at", "user_id") VALUES (?, ?, ?, ?, ?, ?)[0m  [["date", "2021-04-20"], ["description", "bubble gum"], ["amount", 2.0], ["created_at", "2021-05-25 01:45:27.459722"], ["updated_at", "2021-05-25 01:45:27.459722"], ["user_id", 2]]
  [1m[36mTRANSACTION (1.7ms)[0m  [1m[36mcommit transaction[0m
  [1m[36mTRANSACTION (0.0ms)[0m  [1m[36mbegin transaction[0m
  [1m[36mExpense Create (0.4ms)[0m  [1m[32mINSERT INTO "expenses" ("date", "description", "amount", "created_at", "updated_at", "user_id") VALUES (?, ?, ?, ?, ?, ?)[0m  [["date", "2020-06-01"], ["description", "dog treats"], ["amount", 10.0], ["created_at", "2021-05-25 01:45:27.463955"], ["updated_at", "2021-05-25 01:45:27.463955"], ["user_id", 3]]
  [1m[36mExpense Create (0.1ms)[0m  [1m[32mINSERT INTO "expenses" ("date", "description", "amount", "created_at", "updated_at", "user_id") VALUES (?, ?, ?, ?, ?, ?)[0m  [["date", "2020-06-01"], ["description", "doggie baggies"], ["amount", 8.0], ["created_at", "2021-05-25 01:45:27.466720"], ["updated_at", "2021-05-25 01:45:27.466720"], ["user_id", 3]]
  [1m[36mTRANSACTION (1.8ms)[0m  [1m[36mcommit transaction[0m
Started GET "/api/v1/users" for ::1 at 2021-05-24 20:45:30 -0500
Processing by Api::V1::UsersController#index as HTML
  [1m[35m (0.2ms)[0m  [1m[34mSELECT sqlite_version(*)[0m
  ↳ app/controllers/api/v1/users_controller.rb:8:in `index'
  [1m[36mUser Load (0.4ms)[0m  [1m[34mSELECT "users".* FROM "users"[0m
  ↳ app/controllers/api/v1/users_controller.rb:8:in `index'
Completed 200 OK in 25ms (Views: 19.6ms | ActiveRecord: 2.8ms | Allocations: 5208)


Started GET "/api/v1/users" for ::1 at 2021-05-24 20:45:31 -0500
Processing by Api::V1::UsersController#index as HTML
  [1m[36mUser Load (0.2ms)[0m  [1m[34mSELECT "users".* FROM "users"[0m
  ↳ app/controllers/api/v1/users_controller.rb:8:in `index'
Completed 200 OK in 3ms (Views: 2.6ms | ActiveRecord: 0.2ms | Allocations: 918)


Started GET "/api/v1/users" for ::1 at 2021-05-24 20:46:19 -0500
Processing by Api::V1::UsersController#index as HTML
  [1m[36mUser Load (0.2ms)[0m  [1m[34mSELECT "users".* FROM "users"[0m
  ↳ app/controllers/api/v1/users_controller.rb:8:in `index'
Completed 200 OK in 3ms (Views: 2.0ms | ActiveRecord: 0.2ms | Allocations: 918)


Started GET "/api/v1/users" for ::1 at 2021-05-24 20:47:13 -0500
Processing by Api::V1::UsersController#index as HTML
  [1m[35m (0.1ms)[0m  [1m[34mSELECT sqlite_version(*)[0m
  ↳ app/controllers/api/v1/users_controller.rb:8:in `index'
  [1m[36mUser Load (0.2ms)[0m  [1m[34mSELECT "users".* FROM "users"[0m
  ↳ app/controllers/api/v1/users_controller.rb:8:in `index'
  [1m[36mExpense Load (0.3ms)[0m  [1m[34mSELECT "expenses".* FROM "expenses" WHERE "expenses"."user_id" = ?[0m  [["user_id", 1]]
  ↳ app/controllers/api/v1/users_controller.rb:8:in `index'
  [1m[36mExpense Load (0.2ms)[0m  [1m[34mSELECT "expenses".* FROM "expenses" WHERE "expenses"."user_id" = ?[0m  [["user_id", 2]]
  ↳ app/controllers/api/v1/users_controller.rb:8:in `index'
  [1m[36mExpense Load (0.1ms)[0m  [1m[34mSELECT "expenses".* FROM "expenses" WHERE "expenses"."user_id" = ?[0m  [["user_id", 3]]
  ↳ app/controllers/api/v1/users_controller.rb:8:in `index'
Completed 200 OK in 46ms (Views: 43.2ms | ActiveRecord: 2.8ms | Allocations: 15049)


Started GET "/api/v1/users" for ::1 at 2021-05-24 20:49:32 -0500
Processing by Api::V1::UsersController#index as HTML
Completed 500 Internal Server Error in 8ms (Allocations: 2374)


  
NameError (undefined local variable or method `updated_at' for #<Api::V1::UsersController:0x007f8727d95b10>
Did you mean?  update):
  
app/controllers/api/v1/users_controller.rb:8:in `index'
Started GET "/api/v1/users" for ::1 at 2021-05-24 20:49:40 -0500
Processing by Api::V1::UsersController#index as HTML
Completed 500 Internal Server Error in 10ms (Allocations: 1495)


  
NameError (undefined local variable or method `updated_at' for #<Api::V1::UsersController:0x007f8726aaf5f0>
Did you mean?  update):
  
app/controllers/api/v1/users_controller.rb:8:in `index'
Started GET "/api/v1/users" for ::1 at 2021-05-24 20:49:45 -0500
Processing by Api::V1::UsersController#index as HTML
Completed 500 Internal Server Error in 9ms (Allocations: 1495)


  
NameError (undefined local variable or method `updated_at' for #<Api::V1::UsersController:0x007f8727c77ee0>
Did you mean?  update):
  
app/controllers/api/v1/users_controller.rb:8:in `index'
Started GET "/api/v1/users" for ::1 at 2021-05-24 20:49:50 -0500
Processing by Api::V1::UsersController#index as HTML
  [1m[35m (0.1ms)[0m  [1m[34mSELECT sqlite_version(*)[0m
  ↳ app/controllers/api/v1/users_controller.rb:8:in `index'
  [1m[36mUser Load (1.8ms)[0m  [1m[34mSELECT "users".* FROM "users"[0m
  ↳ app/controllers/api/v1/users_controller.rb:8:in `index'
  [1m[36mExpense Load (1.3ms)[0m  [1m[34mSELECT "expenses".* FROM "expenses" WHERE "expenses"."user_id" = ?[0m  [["user_id", 1]]
  ↳ app/controllers/api/v1/users_controller.rb:8:in `index'
  [1m[36mExpense Load (0.1ms)[0m  [1m[34mSELECT "expenses".* FROM "expenses" WHERE "expenses"."user_id" = ?[0m  [["user_id", 2]]
  ↳ app/controllers/api/v1/users_controller.rb:8:in `index'
  [1m[36mExpense Load (0.4ms)[0m  [1m[34mSELECT "expenses".* FROM "expenses" WHERE "expenses"."user_id" = ?[0m  [["user_id", 3]]
  ↳ app/controllers/api/v1/users_controller.rb:8:in `index'
Completed 200 OK in 34ms (Views: 30.1ms | ActiveRecord: 6.4ms | Allocations: 12314)


Started GET "/api/v1/users" for ::1 at 2021-05-24 20:49:54 -0500
Processing by Api::V1::UsersController#index as HTML
  [1m[36mUser Load (0.2ms)[0m  [1m[34mSELECT "users".* FROM "users"[0m
  ↳ app/controllers/api/v1/users_controller.rb:8:in `index'
  [1m[36mExpense Load (0.1ms)[0m  [1m[34mSELECT "expenses".* FROM "expenses" WHERE "expenses"."user_id" = ?[0m  [["user_id", 1]]
  ↳ app/controllers/api/v1/users_controller.rb:8:in `index'
  [1m[36mExpense Load (0.3ms)[0m  [1m[34mSELECT "expenses".* FROM "expenses" WHERE "expenses"."user_id" = ?[0m  [["user_id", 2]]
  ↳ app/controllers/api/v1/users_controller.rb:8:in `index'
  [1m[36mExpense Load (0.1ms)[0m  [1m[34mSELECT "expenses".* FROM "expenses" WHERE "expenses"."user_id" = ?[0m  [["user_id", 3]]
  ↳ app/controllers/api/v1/users_controller.rb:8:in `index'
Completed 200 OK in 8ms (Views: 7.1ms | ActiveRecord: 0.8ms | Allocations: 3784)


Started GET "/api/v1/users" for ::1 at 2021-05-24 20:49:55 -0500
Processing by Api::V1::UsersController#index as HTML
  [1m[36mUser Load (0.2ms)[0m  [1m[34mSELECT "users".* FROM "users"[0m
  ↳ app/controllers/api/v1/users_controller.rb:8:in `index'
  [1m[36mExpense Load (0.1ms)[0m  [1m[34mSELECT "expenses".* FROM "expenses" WHERE "expenses"."user_id" = ?[0m  [["user_id", 1]]
  ↳ app/controllers/api/v1/users_controller.rb:8:in `index'
  [1m[36mExpense Load (0.1ms)[0m  [1m[34mSELECT "expenses".* FROM "expenses" WHERE "expenses"."user_id" = ?[0m  [["user_id", 2]]
  ↳ app/controllers/api/v1/users_controller.rb:8:in `index'
  [1m[36mExpense Load (0.1ms)[0m  [1m[34mSELECT "expenses".* FROM "expenses" WHERE "expenses"."user_id" = ?[0m  [["user_id", 3]]
  ↳ app/controllers/api/v1/users_controller.rb:8:in `index'
Completed 200 OK in 8ms (Views: 6.9ms | ActiveRecord: 0.6ms | Allocations: 3785)


Started GET "/api/v1/users" for ::1 at 2021-05-24 20:50:20 -0500
Processing by Api::V1::UsersController#index as HTML
  [1m[36mUser Load (0.3ms)[0m  [1m[34mSELECT "users".* FROM "users"[0m
  ↳ app/controllers/api/v1/users_controller.rb:8:in `index'
  [1m[36mExpense Load (0.2ms)[0m  [1m[34mSELECT "expenses".* FROM "expenses" WHERE "expenses"."user_id" = ?[0m  [["user_id", 1]]
  ↳ app/controllers/api/v1/users_controller.rb:8:in `index'
  [1m[36mExpense Load (0.2ms)[0m  [1m[34mSELECT "expenses".* FROM "expenses" WHERE "expenses"."user_id" = ?[0m  [["user_id", 2]]
  ↳ app/controllers/api/v1/users_controller.rb:8:in `index'
  [1m[36mExpense Load (0.2ms)[0m  [1m[34mSELECT "expenses".* FROM "expenses" WHERE "expenses"."user_id" = ?[0m  [["user_id", 3]]
  ↳ app/controllers/api/v1/users_controller.rb:8:in `index'
Completed 200 OK in 12ms (Views: 11.0ms | ActiveRecord: 0.9ms | Allocations: 3783)


Started GET "/api/v1/users" for ::1 at 2021-05-24 20:53:06 -0500
  
SyntaxError (/Users/Jenny/Development/code/Module4/Project/personal-expenses-app/backend/app/controllers/api/v1/users_controller.rb:9: syntax error, unexpected '{', expecting =>
      :expenses {
                ^
/Users/Jenny/Development/code/Module4/Project/personal-expenses-app/backend/app/controllers/api/v1/users_controller.rb:11: syntax error, unexpected '}', expecting end
      }
      ^
/Users/Jenny/Development/code/Module4/Project/personal-expenses-app/backend/app/controllers/api/v1/users_controller.rb:55: syntax error, unexpected end-of-input, expecting end):
  
app/controllers/api/v1/users_controller.rb:9: syntax error, unexpected '{', expecting =>
app/controllers/api/v1/users_controller.rb:11: syntax error, unexpected '}', expecting end
app/controllers/api/v1/users_controller.rb:55: syntax error, unexpected end-of-input, expecting end
app/controllers/api/v1/users_controller.rb:9: syntax error, unexpected '{', expecting =>
app/controllers/api/v1/users_controller.rb:11: syntax error, unexpected '}', expecting end
app/controllers/api/v1/users_controller.rb:55: syntax error, unexpected end-of-input, expecting end
Started GET "/api/v1/users" for ::1 at 2021-05-24 20:53:21 -0500
  
SyntaxError (/Users/Jenny/Development/code/Module4/Project/personal-expenses-app/backend/app/controllers/api/v1/users_controller.rb:9: syntax error, unexpected '{', expecting =>
      :expenses {
                ^
/Users/Jenny/Development/code/Module4/Project/personal-expenses-app/backend/app/controllers/api/v1/users_controller.rb:11: syntax error, unexpected '}', expecting end
      }
      ^
/Users/Jenny/Development/code/Module4/Project/personal-expenses-app/backend/app/controllers/api/v1/users_controller.rb:55: syntax error, unexpected end-of-input, expecting end):
  
app/controllers/api/v1/users_controller.rb:9: syntax error, unexpected '{', expecting =>
app/controllers/api/v1/users_controller.rb:11: syntax error, unexpected '}', expecting end
app/controllers/api/v1/users_controller.rb:55: syntax error, unexpected end-of-input, expecting end
app/controllers/api/v1/users_controller.rb:9: syntax error, unexpected '{', expecting =>
app/controllers/api/v1/users_controller.rb:11: syntax error, unexpected '}', expecting end
app/controllers/api/v1/users_controller.rb:55: syntax error, unexpected end-of-input, expecting end
Started GET "/api/v1/users" for ::1 at 2021-05-24 20:53:23 -0500
  
SyntaxError (/Users/Jenny/Development/code/Module4/Project/personal-expenses-app/backend/app/controllers/api/v1/users_controller.rb:9: syntax error, unexpected '{', expecting =>
      :expenses {
                ^
/Users/Jenny/Development/code/Module4/Project/personal-expenses-app/backend/app/controllers/api/v1/users_controller.rb:11: syntax error, unexpected '}', expecting end
      }
      ^
/Users/Jenny/Development/code/Module4/Project/personal-expenses-app/backend/app/controllers/api/v1/users_controller.rb:55: syntax error, unexpected end-of-input, expecting end):
  
app/controllers/api/v1/users_controller.rb:9: syntax error, unexpected '{', expecting =>
app/controllers/api/v1/users_controller.rb:11: syntax error, unexpected '}', expecting end
app/controllers/api/v1/users_controller.rb:55: syntax error, unexpected end-of-input, expecting end
app/controllers/api/v1/users_controller.rb:9: syntax error, unexpected '{', expecting =>
app/controllers/api/v1/users_controller.rb:11: syntax error, unexpected '}', expecting end
app/controllers/api/v1/users_controller.rb:55: syntax error, unexpected end-of-input, expecting end
Started GET "/api/v1/users" for ::1 at 2021-05-24 20:53:24 -0500
  
SyntaxError (/Users/Jenny/Development/code/Module4/Project/personal-expenses-app/backend/app/controllers/api/v1/users_controller.rb:9: syntax error, unexpected '{', expecting =>
      :expenses {
                ^
/Users/Jenny/Development/code/Module4/Project/personal-expenses-app/backend/app/controllers/api/v1/users_controller.rb:11: syntax error, unexpected '}', expecting end
      }
      ^
/Users/Jenny/Development/code/Module4/Project/personal-expenses-app/backend/app/controllers/api/v1/users_controller.rb:55: syntax error, unexpected end-of-input, expecting end):
  
app/controllers/api/v1/users_controller.rb:9: syntax error, unexpected '{', expecting =>
app/controllers/api/v1/users_controller.rb:11: syntax error, unexpected '}', expecting end
app/controllers/api/v1/users_controller.rb:55: syntax error, unexpected end-of-input, expecting end
app/controllers/api/v1/users_controller.rb:9: syntax error, unexpected '{', expecting =>
app/controllers/api/v1/users_controller.rb:11: syntax error, unexpected '}', expecting end
app/controllers/api/v1/users_controller.rb:55: syntax error, unexpected end-of-input, expecting end
Started GET "/api/v1/users" for ::1 at 2021-05-24 20:53:31 -0500
  
SyntaxError (/Users/Jenny/Development/code/Module4/Project/personal-expenses-app/backend/app/controllers/api/v1/users_controller.rb:10: syntax error, unexpected ',', expecting =>
...cept: :created_at, :updated_at, :user_id
...                              ^
/Users/Jenny/Development/code/Module4/Project/personal-expenses-app/backend/app/controllers/api/v1/users_controller.rb:11: syntax error, unexpected '}', expecting end
      }
      ^
/Users/Jenny/Development/code/Module4/Project/personal-expenses-app/backend/app/controllers/api/v1/users_controller.rb:55: syntax error, unexpected end-of-input, expecting end):
  
app/controllers/api/v1/users_controller.rb:10: syntax error, unexpected ',', expecting =>
app/controllers/api/v1/users_controller.rb:11: syntax error, unexpected '}', expecting end
app/controllers/api/v1/users_controller.rb:55: syntax error, unexpected end-of-input, expecting end
app/controllers/api/v1/users_controller.rb:10: syntax error, unexpected ',', expecting =>
app/controllers/api/v1/users_controller.rb:11: syntax error, unexpected '}', expecting end
app/controllers/api/v1/users_controller.rb:55: syntax error, unexpected end-of-input, expecting end
Started GET "/api/v1/users" for ::1 at 2021-05-24 20:53:32 -0500
  
SyntaxError (/Users/Jenny/Development/code/Module4/Project/personal-expenses-app/backend/app/controllers/api/v1/users_controller.rb:10: syntax error, unexpected ',', expecting =>
...cept: :created_at, :updated_at, :user_id
...                              ^
/Users/Jenny/Development/code/Module4/Project/personal-expenses-app/backend/app/controllers/api/v1/users_controller.rb:11: syntax error, unexpected '}', expecting end
      }
      ^
/Users/Jenny/Development/code/Module4/Project/personal-expenses-app/backend/app/controllers/api/v1/users_controller.rb:55: syntax error, unexpected end-of-input, expecting end):
  
app/controllers/api/v1/users_controller.rb:10: syntax error, unexpected ',', expecting =>
app/controllers/api/v1/users_controller.rb:11: syntax error, unexpected '}', expecting end
app/controllers/api/v1/users_controller.rb:55: syntax error, unexpected end-of-input, expecting end
app/controllers/api/v1/users_controller.rb:10: syntax error, unexpected ',', expecting =>
app/controllers/api/v1/users_controller.rb:11: syntax error, unexpected '}', expecting end
app/controllers/api/v1/users_controller.rb:55: syntax error, unexpected end-of-input, expecting end
Started GET "/api/v1/users" for ::1 at 2021-05-24 20:53:52 -0500
Processing by Api::V1::UsersController#index as HTML
  [1m[35m (0.1ms)[0m  [1m[34mSELECT sqlite_version(*)[0m
  ↳ app/controllers/api/v1/users_controller.rb:8:in `index'
  [1m[36mUser Load (0.6ms)[0m  [1m[34mSELECT "users".* FROM "users"[0m
  ↳ app/controllers/api/v1/users_controller.rb:8:in `index'
  [1m[36mExpense Load (0.5ms)[0m  [1m[34mSELECT "expenses".* FROM "expenses" WHERE "expenses"."user_id" = ?[0m  [["user_id", 1]]
  ↳ app/controllers/api/v1/users_controller.rb:8:in `index'
  [1m[36mExpense Load (0.2ms)[0m  [1m[34mSELECT "expenses".* FROM "expenses" WHERE "expenses"."user_id" = ?[0m  [["user_id", 2]]
  ↳ app/controllers/api/v1/users_controller.rb:8:in `index'
  [1m[36mExpense Load (0.2ms)[0m  [1m[34mSELECT "expenses".* FROM "expenses" WHERE "expenses"."user_id" = ?[0m  [["user_id", 3]]
  ↳ app/controllers/api/v1/users_controller.rb:8:in `index'
Completed 200 OK in 36ms (Views: 32.6ms | ActiveRecord: 4.1ms | Allocations: 12064)


Started GET "/api/v1/expenses" for ::1 at 2021-05-24 23:18:31 -0500
  [1m[35m (2.3ms)[0m  [1m[34mSELECT sqlite_version(*)[0m
  [1m[35m (1.3ms)[0m  [1m[34mSELECT "schema_migrations"."version" FROM "schema_migrations" ORDER BY "schema_migrations"."version" ASC[0m
Processing by Api::V1::ExpensesController#index as */*
  [1m[36mExpense Load (1.7ms)[0m  [1m[34mSELECT "expenses".* FROM "expenses"[0m
  ↳ app/controllers/api/v1/expenses_controller.rb:8:in `index'
Completed 500 Internal Server Error in 42ms (ActiveRecord: 2.7ms | Allocations: 10680)


  
NoMethodError (undefined method `users' for #<Expense:0x00007f8c5490dcc8>
Did you mean?  user
               user=):
  
app/controllers/api/v1/expenses_controller.rb:8:in `index'
Started GET "/api/v1/expenses" for ::1 at 2021-05-24 23:18:35 -0500
Processing by Api::V1::ExpensesController#index as */*
  [1m[36mExpense Load (2.7ms)[0m  [1m[34mSELECT "expenses".* FROM "expenses"[0m
  ↳ app/controllers/api/v1/expenses_controller.rb:8:in `index'
Completed 500 Internal Server Error in 25ms (ActiveRecord: 2.7ms | Allocations: 3118)


  
NoMethodError (undefined method `users' for #<Expense:0x00007f8c519a0210>
Did you mean?  user
               user=):
  
app/controllers/api/v1/expenses_controller.rb:8:in `index'
Started GET "/api/v1/expenses" for ::1 at 2021-05-24 23:18:50 -0500
Processing by Api::V1::ExpensesController#index as HTML
  [1m[36mExpense Load (0.1ms)[0m  [1m[34mSELECT "expenses".* FROM "expenses"[0m
  ↳ app/controllers/api/v1/expenses_controller.rb:8:in `index'
Completed 500 Internal Server Error in 6ms (ActiveRecord: 0.1ms | Allocations: 3117)


  
NoMethodError (undefined method `users' for #<Expense:0x00007f8c50df0898>
Did you mean?  user
               user=):
  
app/controllers/api/v1/expenses_controller.rb:8:in `index'
Started GET "/favicon.ico" for ::1 at 2021-05-24 23:18:51 -0500
  
ActionController::RoutingError (No route matches [GET] "/favicon.ico"):
  
Started GET "/api/v1/expenses" for ::1 at 2021-05-24 23:20:06 -0500
Processing by Api::V1::ExpensesController#index as HTML
  [1m[35m (0.1ms)[0m  [1m[34mSELECT sqlite_version(*)[0m
  ↳ app/controllers/api/v1/expenses_controller.rb:8:in `index'
  [1m[36mExpense Load (1.4ms)[0m  [1m[34mSELECT "expenses".* FROM "expenses"[0m
  ↳ app/controllers/api/v1/expenses_controller.rb:8:in `index'
  [1m[36mUser Load (1.4ms)[0m  [1m[34mSELECT "users".* FROM "users" WHERE "users"."id" = ? LIMIT ?[0m  [["id", 1], ["LIMIT", 1]]
  ↳ app/controllers/api/v1/expenses_controller.rb:8:in `index'
  [1m[36mCACHE User Load (0.0ms)[0m  [1m[34mSELECT "users".* FROM "users" WHERE "users"."id" = ? LIMIT ?[0m  [["id", 1], ["LIMIT", 1]]
  ↳ app/controllers/api/v1/expenses_controller.rb:8:in `index'
  [1m[36mUser Load (0.1ms)[0m  [1m[34mSELECT "users".* FROM "users" WHERE "users"."id" = ? LIMIT ?[0m  [["id", 2], ["LIMIT", 1]]
  ↳ app/controllers/api/v1/expenses_controller.rb:8:in `index'
  [1m[36mCACHE User Load (0.0ms)[0m  [1m[34mSELECT "users".* FROM "users" WHERE "users"."id" = ? LIMIT ?[0m  [["id", 2], ["LIMIT", 1]]
  ↳ app/controllers/api/v1/expenses_controller.rb:8:in `index'
  [1m[36mUser Load (0.1ms)[0m  [1m[34mSELECT "users".* FROM "users" WHERE "users"."id" = ? LIMIT ?[0m  [["id", 3], ["LIMIT", 1]]
  ↳ app/controllers/api/v1/expenses_controller.rb:8:in `index'
  [1m[36mCACHE User Load (0.0ms)[0m  [1m[34mSELECT "users".* FROM "users" WHERE "users"."id" = ? LIMIT ?[0m  [["id", 3], ["LIMIT", 1]]
  ↳ app/controllers/api/v1/expenses_controller.rb:8:in `index'
Completed 200 OK in 49ms (Views: 46.2ms | ActiveRecord: 5.1ms | Allocations: 16176)


Started GET "/api/v1/expenses" for ::1 at 2021-05-24 23:20:14 -0500
Processing by Api::V1::ExpensesController#index as */*
  [1m[36mExpense Load (0.3ms)[0m  [1m[34mSELECT "expenses".* FROM "expenses"[0m
  ↳ app/controllers/api/v1/expenses_controller.rb:8:in `index'
  [1m[36mUser Load (0.1ms)[0m  [1m[34mSELECT "users".* FROM "users" WHERE "users"."id" = ? LIMIT ?[0m  [["id", 1], ["LIMIT", 1]]
  ↳ app/controllers/api/v1/expenses_controller.rb:8:in `index'
  [1m[36mCACHE User Load (0.0ms)[0m  [1m[34mSELECT "users".* FROM "users" WHERE "users"."id" = ? LIMIT ?[0m  [["id", 1], ["LIMIT", 1]]
  ↳ app/controllers/api/v1/expenses_controller.rb:8:in `index'
  [1m[36mUser Load (0.2ms)[0m  [1m[34mSELECT "users".* FROM "users" WHERE "users"."id" = ? LIMIT ?[0m  [["id", 2], ["LIMIT", 1]]
  ↳ app/controllers/api/v1/expenses_controller.rb:8:in `index'
  [1m[36mCACHE User Load (0.0ms)[0m  [1m[34mSELECT "users".* FROM "users" WHERE "users"."id" = ? LIMIT ?[0m  [["id", 2], ["LIMIT", 1]]
  ↳ app/controllers/api/v1/expenses_controller.rb:8:in `index'
  [1m[36mUser Load (0.1ms)[0m  [1m[34mSELECT "users".* FROM "users" WHERE "users"."id" = ? LIMIT ?[0m  [["id", 3], ["LIMIT", 1]]
  ↳ app/controllers/api/v1/expenses_controller.rb:8:in `index'
  [1m[36mCACHE User Load (0.0ms)[0m  [1m[34mSELECT "users".* FROM "users" WHERE "users"."id" = ? LIMIT ?[0m  [["id", 3], ["LIMIT", 1]]
  ↳ app/controllers/api/v1/expenses_controller.rb:8:in `index'
Completed 200 OK in 15ms (Views: 13.4ms | ActiveRecord: 0.8ms | Allocations: 5607)


Started GET "/api/v1/expenses" for ::1 at 2021-05-24 23:20:30 -0500
Processing by Api::V1::ExpensesController#index as */*
  [1m[36mExpense Load (0.6ms)[0m  [1m[34mSELECT "expenses".* FROM "expenses"[0m
  ↳ app/controllers/api/v1/expenses_controller.rb:8:in `index'
  [1m[36mUser Load (0.2ms)[0m  [1m[34mSELECT "users".* FROM "users" WHERE "users"."id" = ? LIMIT ?[0m  [["id", 1], ["LIMIT", 1]]
  ↳ app/controllers/api/v1/expenses_controller.rb:8:in `index'
  [1m[36mCACHE User Load (0.0ms)[0m  [1m[34mSELECT "users".* FROM "users" WHERE "users"."id" = ? LIMIT ?[0m  [["id", 1], ["LIMIT", 1]]
  ↳ app/controllers/api/v1/expenses_controller.rb:8:in `index'
  [1m[36mUser Load (0.3ms)[0m  [1m[34mSELECT "users".* FROM "users" WHERE "users"."id" = ? LIMIT ?[0m  [["id", 2], ["LIMIT", 1]]
  ↳ app/controllers/api/v1/expenses_controller.rb:8:in `index'
  [1m[36mCACHE User Load (0.0ms)[0m  [1m[34mSELECT "users".* FROM "users" WHERE "users"."id" = ? LIMIT ?[0m  [["id", 2], ["LIMIT", 1]]
  ↳ app/controllers/api/v1/expenses_controller.rb:8:in `index'
  [1m[36mUser Load (0.2ms)[0m  [1m[34mSELECT "users".* FROM "users" WHERE "users"."id" = ? LIMIT ?[0m  [["id", 3], ["LIMIT", 1]]
  ↳ app/controllers/api/v1/expenses_controller.rb:8:in `index'
  [1m[36mCACHE User Load (0.0ms)[0m  [1m[34mSELECT "users".* FROM "users" WHERE "users"."id" = ? LIMIT ?[0m  [["id", 3], ["LIMIT", 1]]
  ↳ app/controllers/api/v1/expenses_controller.rb:8:in `index'
Completed 200 OK in 20ms (Views: 17.9ms | ActiveRecord: 1.4ms | Allocations: 5621)


Started GET "/api/v1/expenses" for ::1 at 2021-05-24 23:21:06 -0500
  [1m[35m (1.9ms)[0m  [1m[34mSELECT sqlite_version(*)[0m
  [1m[35m (1.2ms)[0m  [1m[34mSELECT "schema_migrations"."version" FROM "schema_migrations" ORDER BY "schema_migrations"."version" ASC[0m
Processing by Api::V1::ExpensesController#index as */*
  [1m[36mExpense Load (1.7ms)[0m  [1m[34mSELECT "expenses".* FROM "expenses"[0m
  ↳ app/controllers/api/v1/expenses_controller.rb:8:in `index'
  [1m[36mUser Load (1.5ms)[0m  [1m[34mSELECT "users".* FROM "users" WHERE "users"."id" = ? LIMIT ?[0m  [["id", 1], ["LIMIT", 1]]
  ↳ app/controllers/api/v1/expenses_controller.rb:8:in `index'
  [1m[36mCACHE User Load (0.0ms)[0m  [1m[34mSELECT "users".* FROM "users" WHERE "users"."id" = ? LIMIT ?[0m  [["id", 1], ["LIMIT", 1]]
  ↳ app/controllers/api/v1/expenses_controller.rb:8:in `index'
  [1m[36mUser Load (0.2ms)[0m  [1m[34mSELECT "users".* FROM "users" WHERE "users"."id" = ? LIMIT ?[0m  [["id", 2], ["LIMIT", 1]]
  ↳ app/controllers/api/v1/expenses_controller.rb:8:in `index'
  [1m[36mCACHE User Load (0.0ms)[0m  [1m[34mSELECT "users".* FROM "users" WHERE "users"."id" = ? LIMIT ?[0m  [["id", 2], ["LIMIT", 1]]
  ↳ app/controllers/api/v1/expenses_controller.rb:8:in `index'
  [1m[36mUser Load (0.2ms)[0m  [1m[34mSELECT "users".* FROM "users" WHERE "users"."id" = ? LIMIT ?[0m  [["id", 3], ["LIMIT", 1]]
  ↳ app/controllers/api/v1/expenses_controller.rb:8:in `index'
  [1m[36mCACHE User Load (0.0ms)[0m  [1m[34mSELECT "users".* FROM "users" WHERE "users"."id" = ? LIMIT ?[0m  [["id", 3], ["LIMIT", 1]]
  ↳ app/controllers/api/v1/expenses_controller.rb:8:in `index'
Completed 200 OK in 91ms (Views: 60.3ms | ActiveRecord: 5.9ms | Allocations: 18467)


Started GET "/api/v1/expenses" for ::1 at 2021-05-24 23:21:53 -0500
Processing by Api::V1::ExpensesController#index as */*
  [1m[36mExpense Load (0.3ms)[0m  [1m[34mSELECT "expenses".* FROM "expenses"[0m
  ↳ app/controllers/api/v1/expenses_controller.rb:8:in `index'
  [1m[36mUser Load (13.1ms)[0m  [1m[34mSELECT "users".* FROM "users" WHERE "users"."id" = ? LIMIT ?[0m  [["id", 1], ["LIMIT", 1]]
  ↳ app/controllers/api/v1/expenses_controller.rb:8:in `index'
  [1m[36mCACHE User Load (0.0ms)[0m  [1m[34mSELECT "users".* FROM "users" WHERE "users"."id" = ? LIMIT ?[0m  [["id", 1], ["LIMIT", 1]]
  ↳ app/controllers/api/v1/expenses_controller.rb:8:in `index'
  [1m[36mUser Load (0.2ms)[0m  [1m[34mSELECT "users".* FROM "users" WHERE "users"."id" = ? LIMIT ?[0m  [["id", 2], ["LIMIT", 1]]
  ↳ app/controllers/api/v1/expenses_controller.rb:8:in `index'
  [1m[36mCACHE User Load (0.1ms)[0m  [1m[34mSELECT "users".* FROM "users" WHERE "users"."id" = ? LIMIT ?[0m  [["id", 2], ["LIMIT", 1]]
  ↳ app/controllers/api/v1/expenses_controller.rb:8:in `index'
  [1m[36mUser Load (0.3ms)[0m  [1m[34mSELECT "users".* FROM "users" WHERE "users"."id" = ? LIMIT ?[0m  [["id", 3], ["LIMIT", 1]]
  ↳ app/controllers/api/v1/expenses_controller.rb:8:in `index'
  [1m[36mCACHE User Load (0.0ms)[0m  [1m[34mSELECT "users".* FROM "users" WHERE "users"."id" = ? LIMIT ?[0m  [["id", 3], ["LIMIT", 1]]
  ↳ app/controllers/api/v1/expenses_controller.rb:8:in `index'
Completed 200 OK in 69ms (Views: 54.0ms | ActiveRecord: 14.0ms | Allocations: 5623)


Started GET "/api/v1/expenses" for ::1 at 2021-05-24 23:22:28 -0500
  [1m[35m (2.0ms)[0m  [1m[34mSELECT sqlite_version(*)[0m
  [1m[35m (1.4ms)[0m  [1m[34mSELECT "schema_migrations"."version" FROM "schema_migrations" ORDER BY "schema_migrations"."version" ASC[0m
Processing by Api::V1::ExpensesController#index as */*
  [1m[36mExpense Load (1.4ms)[0m  [1m[34mSELECT "expenses".* FROM "expenses"[0m
  ↳ app/controllers/api/v1/expenses_controller.rb:8:in `index'
  [1m[36mUser Load (1.2ms)[0m  [1m[34mSELECT "users".* FROM "users" WHERE "users"."id" = ? LIMIT ?[0m  [["id", 1], ["LIMIT", 1]]
  ↳ app/controllers/api/v1/expenses_controller.rb:8:in `index'
  [1m[36mCACHE User Load (0.0ms)[0m  [1m[34mSELECT "users".* FROM "users" WHERE "users"."id" = ? LIMIT ?[0m  [["id", 1], ["LIMIT", 1]]
  ↳ app/controllers/api/v1/expenses_controller.rb:8:in `index'
  [1m[36mUser Load (0.2ms)[0m  [1m[34mSELECT "users".* FROM "users" WHERE "users"."id" = ? LIMIT ?[0m  [["id", 2], ["LIMIT", 1]]
  ↳ app/controllers/api/v1/expenses_controller.rb:8:in `index'
  [1m[36mCACHE User Load (0.1ms)[0m  [1m[34mSELECT "users".* FROM "users" WHERE "users"."id" = ? LIMIT ?[0m  [["id", 2], ["LIMIT", 1]]
  ↳ app/controllers/api/v1/expenses_controller.rb:8:in `index'
  [1m[36mUser Load (0.2ms)[0m  [1m[34mSELECT "users".* FROM "users" WHERE "users"."id" = ? LIMIT ?[0m  [["id", 3], ["LIMIT", 1]]
  ↳ app/controllers/api/v1/expenses_controller.rb:8:in `index'
  [1m[36mCACHE User Load (0.0ms)[0m  [1m[34mSELECT "users".* FROM "users" WHERE "users"."id" = ? LIMIT ?[0m  [["id", 3], ["LIMIT", 1]]
  ↳ app/controllers/api/v1/expenses_controller.rb:8:in `index'
Completed 200 OK in 134ms (Views: 65.2ms | ActiveRecord: 5.5ms | Allocations: 18467)


Started GET "/api/v1/expenses" for ::1 at 2021-05-24 23:22:36 -0500
Processing by Api::V1::ExpensesController#index as */*
  [1m[36mExpense Load (0.2ms)[0m  [1m[34mSELECT "expenses".* FROM "expenses"[0m
  ↳ app/controllers/api/v1/expenses_controller.rb:8:in `index'
  [1m[36mUser Load (0.2ms)[0m  [1m[34mSELECT "users".* FROM "users" WHERE "users"."id" = ? LIMIT ?[0m  [["id", 1], ["LIMIT", 1]]
  ↳ app/controllers/api/v1/expenses_controller.rb:8:in `index'
  [1m[36mCACHE User Load (0.1ms)[0m  [1m[34mSELECT "users".* FROM "users" WHERE "users"."id" = ? LIMIT ?[0m  [["id", 1], ["LIMIT", 1]]
  ↳ app/controllers/api/v1/expenses_controller.rb:8:in `index'
  [1m[36mUser Load (0.2ms)[0m  [1m[34mSELECT "users".* FROM "users" WHERE "users"."id" = ? LIMIT ?[0m  [["id", 2], ["LIMIT", 1]]
  ↳ app/controllers/api/v1/expenses_controller.rb:8:in `index'
  [1m[36mCACHE User Load (0.0ms)[0m  [1m[34mSELECT "users".* FROM "users" WHERE "users"."id" = ? LIMIT ?[0m  [["id", 2], ["LIMIT", 1]]
  ↳ app/controllers/api/v1/expenses_controller.rb:8:in `index'
  [1m[36mUser Load (0.2ms)[0m  [1m[34mSELECT "users".* FROM "users" WHERE "users"."id" = ? LIMIT ?[0m  [["id", 3], ["LIMIT", 1]]
  ↳ app/controllers/api/v1/expenses_controller.rb:8:in `index'
  [1m[36mCACHE User Load (0.0ms)[0m  [1m[34mSELECT "users".* FROM "users" WHERE "users"."id" = ? LIMIT ?[0m  [["id", 3], ["LIMIT", 1]]
  ↳ app/controllers/api/v1/expenses_controller.rb:8:in `index'
Completed 200 OK in 42ms (Views: 41.0ms | ActiveRecord: 0.9ms | Allocations: 5622)


Started GET "/api/v1/expenses" for ::1 at 2021-05-24 23:22:55 -0500
Processing by Api::V1::ExpensesController#index as */*
  [1m[36mExpense Load (0.3ms)[0m  [1m[34mSELECT "expenses".* FROM "expenses"[0m
  ↳ app/controllers/api/v1/expenses_controller.rb:8:in `index'
  [1m[36mUser Load (0.2ms)[0m  [1m[34mSELECT "users".* FROM "users" WHERE "users"."id" = ? LIMIT ?[0m  [["id", 1], ["LIMIT", 1]]
  ↳ app/controllers/api/v1/expenses_controller.rb:8:in `index'
  [1m[36mCACHE User Load (0.0ms)[0m  [1m[34mSELECT "users".* FROM "users" WHERE "users"."id" = ? LIMIT ?[0m  [["id", 1], ["LIMIT", 1]]
  ↳ app/controllers/api/v1/expenses_controller.rb:8:in `index'
  [1m[36mUser Load (0.2ms)[0m  [1m[34mSELECT "users".* FROM "users" WHERE "users"."id" = ? LIMIT ?[0m  [["id", 2], ["LIMIT", 1]]
  ↳ app/controllers/api/v1/expenses_controller.rb:8:in `index'
  [1m[36mCACHE User Load (0.1ms)[0m  [1m[34mSELECT "users".* FROM "users" WHERE "users"."id" = ? LIMIT ?[0m  [["id", 2], ["LIMIT", 1]]
  ↳ app/controllers/api/v1/expenses_controller.rb:8:in `index'
  [1m[36mUser Load (0.2ms)[0m  [1m[34mSELECT "users".* FROM "users" WHERE "users"."id" = ? LIMIT ?[0m  [["id", 3], ["LIMIT", 1]]
  ↳ app/controllers/api/v1/expenses_controller.rb:8:in `index'
  [1m[36mCACHE User Load (0.1ms)[0m  [1m[34mSELECT "users".* FROM "users" WHERE "users"."id" = ? LIMIT ?[0m  [["id", 3], ["LIMIT", 1]]
  ↳ app/controllers/api/v1/expenses_controller.rb:8:in `index'
Completed 200 OK in 96ms (Views: 94.3ms | ActiveRecord: 1.2ms | Allocations: 5622)


Started GET "/api/v1/expenses" for ::1 at 2021-05-24 23:23:46 -0500
Processing by Api::V1::ExpensesController#index as */*
  [1m[36mExpense Load (0.3ms)[0m  [1m[34mSELECT "expenses".* FROM "expenses"[0m
  ↳ app/controllers/api/v1/expenses_controller.rb:8:in `index'
  [1m[36mUser Load (0.3ms)[0m  [1m[34mSELECT "users".* FROM "users" WHERE "users"."id" = ? LIMIT ?[0m  [["id", 1], ["LIMIT", 1]]
  ↳ app/controllers/api/v1/expenses_controller.rb:8:in `index'
  [1m[36mCACHE User Load (0.0ms)[0m  [1m[34mSELECT "users".* FROM "users" WHERE "users"."id" = ? LIMIT ?[0m  [["id", 1], ["LIMIT", 1]]
  ↳ app/controllers/api/v1/expenses_controller.rb:8:in `index'
  [1m[36mUser Load (0.2ms)[0m  [1m[34mSELECT "users".* FROM "users" WHERE "users"."id" = ? LIMIT ?[0m  [["id", 2], ["LIMIT", 1]]
  ↳ app/controllers/api/v1/expenses_controller.rb:8:in `index'
  [1m[36mCACHE User Load (0.0ms)[0m  [1m[34mSELECT "users".* FROM "users" WHERE "users"."id" = ? LIMIT ?[0m  [["id", 2], ["LIMIT", 1]]
  ↳ app/controllers/api/v1/expenses_controller.rb:8:in `index'
  [1m[36mUser Load (1.9ms)[0m  [1m[34mSELECT "users".* FROM "users" WHERE "users"."id" = ? LIMIT ?[0m  [["id", 3], ["LIMIT", 1]]
  ↳ app/controllers/api/v1/expenses_controller.rb:8:in `index'
  [1m[36mCACHE User Load (0.0ms)[0m  [1m[34mSELECT "users".* FROM "users" WHERE "users"."id" = ? LIMIT ?[0m  [["id", 3], ["LIMIT", 1]]
  ↳ app/controllers/api/v1/expenses_controller.rb:8:in `index'
Completed 200 OK in 49ms (Views: 45.4ms | ActiveRecord: 2.9ms | Allocations: 5622)


Started GET "/api/v1/expenses" for ::1 at 2021-05-24 23:25:44 -0500
Processing by Api::V1::ExpensesController#index as */*
  [1m[36mExpense Load (0.2ms)[0m  [1m[34mSELECT "expenses".* FROM "expenses"[0m
  ↳ app/controllers/api/v1/expenses_controller.rb:8:in `index'
  [1m[36mUser Load (0.4ms)[0m  [1m[34mSELECT "users".* FROM "users" WHERE "users"."id" = ? LIMIT ?[0m  [["id", 1], ["LIMIT", 1]]
  ↳ app/controllers/api/v1/expenses_controller.rb:8:in `index'
  [1m[36mCACHE User Load (0.0ms)[0m  [1m[34mSELECT "users".* FROM "users" WHERE "users"."id" = ? LIMIT ?[0m  [["id", 1], ["LIMIT", 1]]
  ↳ app/controllers/api/v1/expenses_controller.rb:8:in `index'
  [1m[36mUser Load (0.2ms)[0m  [1m[34mSELECT "users".* FROM "users" WHERE "users"."id" = ? LIMIT ?[0m  [["id", 2], ["LIMIT", 1]]
  ↳ app/controllers/api/v1/expenses_controller.rb:8:in `index'
  [1m[36mCACHE User Load (0.0ms)[0m  [1m[34mSELECT "users".* FROM "users" WHERE "users"."id" = ? LIMIT ?[0m  [["id", 2], ["LIMIT", 1]]
  ↳ app/controllers/api/v1/expenses_controller.rb:8:in `index'
  [1m[36mUser Load (0.3ms)[0m  [1m[34mSELECT "users".* FROM "users" WHERE "users"."id" = ? LIMIT ?[0m  [["id", 3], ["LIMIT", 1]]
  ↳ app/controllers/api/v1/expenses_controller.rb:8:in `index'
  [1m[36mCACHE User Load (0.0ms)[0m  [1m[34mSELECT "users".* FROM "users" WHERE "users"."id" = ? LIMIT ?[0m  [["id", 3], ["LIMIT", 1]]
  ↳ app/controllers/api/v1/expenses_controller.rb:8:in `index'
Completed 200 OK in 36ms (Views: 34.3ms | ActiveRecord: 1.2ms | Allocations: 5601)


Started GET "/" for ::1 at 2021-05-24 23:25:46 -0500
Processing by Rails::WelcomeController#index as HTML
  Rendering /Users/Jenny/.rvm/gems/ruby-2.6.1/gems/railties-6.1.3.2/lib/rails/templates/rails/welcome/index.html.erb
  Rendered /Users/Jenny/.rvm/gems/ruby-2.6.1/gems/railties-6.1.3.2/lib/rails/templates/rails/welcome/index.html.erb (Duration: 17.7ms | Allocations: 315)
Completed 200 OK in 127ms (Views: 39.8ms | ActiveRecord: 0.0ms | Allocations: 3041)


Started GET "/api/v1/expenses" for ::1 at 2021-05-24 23:31:20 -0500
Processing by Api::V1::ExpensesController#index as HTML
  [1m[36mExpense Load (4.6ms)[0m  [1m[34mSELECT "expenses".* FROM "expenses"[0m
  ↳ app/controllers/api/v1/expenses_controller.rb:8:in `index'
  [1m[36mUser Load (0.4ms)[0m  [1m[34mSELECT "users".* FROM "users" WHERE "users"."id" = ? LIMIT ?[0m  [["id", 1], ["LIMIT", 1]]
  ↳ app/controllers/api/v1/expenses_controller.rb:8:in `index'
  [1m[36mCACHE User Load (0.3ms)[0m  [1m[34mSELECT "users".* FROM "users" WHERE "users"."id" = ? LIMIT ?[0m  [["id", 1], ["LIMIT", 1]]
  ↳ app/controllers/api/v1/expenses_controller.rb:8:in `index'
  [1m[36mUser Load (0.2ms)[0m  [1m[34mSELECT "users".* FROM "users" WHERE "users"."id" = ? LIMIT ?[0m  [["id", 2], ["LIMIT", 1]]
  ↳ app/controllers/api/v1/expenses_controller.rb:8:in `index'
  [1m[36mCACHE User Load (0.0ms)[0m  [1m[34mSELECT "users".* FROM "users" WHERE "users"."id" = ? LIMIT ?[0m  [["id", 2], ["LIMIT", 1]]
  ↳ app/controllers/api/v1/expenses_controller.rb:8:in `index'
  [1m[36mUser Load (0.2ms)[0m  [1m[34mSELECT "users".* FROM "users" WHERE "users"."id" = ? LIMIT ?[0m  [["id", 3], ["LIMIT", 1]]
  ↳ app/controllers/api/v1/expenses_controller.rb:8:in `index'
  [1m[36mCACHE User Load (0.0ms)[0m  [1m[34mSELECT "users".* FROM "users" WHERE "users"."id" = ? LIMIT ?[0m  [["id", 3], ["LIMIT", 1]]
  ↳ app/controllers/api/v1/expenses_controller.rb:8:in `index'
Completed 200 OK in 72ms (Views: 63.7ms | ActiveRecord: 5.8ms | Allocations: 5713)


Started GET "/api/v1/expenses" for ::1 at 2021-05-24 23:31:37 -0500
Processing by Api::V1::ExpensesController#index as */*
  [1m[36mExpense Load (0.2ms)[0m  [1m[34mSELECT "expenses".* FROM "expenses"[0m
  ↳ app/controllers/api/v1/expenses_controller.rb:8:in `index'
  [1m[36mUser Load (0.3ms)[0m  [1m[34mSELECT "users".* FROM "users" WHERE "users"."id" = ? LIMIT ?[0m  [["id", 1], ["LIMIT", 1]]
  ↳ app/controllers/api/v1/expenses_controller.rb:8:in `index'
  [1m[36mCACHE User Load (0.0ms)[0m  [1m[34mSELECT "users".* FROM "users" WHERE "users"."id" = ? LIMIT ?[0m  [["id", 1], ["LIMIT", 1]]
  ↳ app/controllers/api/v1/expenses_controller.rb:8:in `index'
  [1m[36mUser Load (0.1ms)[0m  [1m[34mSELECT "users".* FROM "users" WHERE "users"."id" = ? LIMIT ?[0m  [["id", 2], ["LIMIT", 1]]
  ↳ app/controllers/api/v1/expenses_controller.rb:8:in `index'
  [1m[36mCACHE User Load (0.0ms)[0m  [1m[34mSELECT "users".* FROM "users" WHERE "users"."id" = ? LIMIT ?[0m  [["id", 2], ["LIMIT", 1]]
  ↳ app/controllers/api/v1/expenses_controller.rb:8:in `index'
  [1m[36mUser Load (0.5ms)[0m  [1m[34mSELECT "users".* FROM "users" WHERE "users"."id" = ? LIMIT ?[0m  [["id", 3], ["LIMIT", 1]]
  ↳ app/controllers/api/v1/expenses_controller.rb:8:in `index'
  [1m[36mCACHE User Load (0.0ms)[0m  [1m[34mSELECT "users".* FROM "users" WHERE "users"."id" = ? LIMIT ?[0m  [["id", 3], ["LIMIT", 1]]
  ↳ app/controllers/api/v1/expenses_controller.rb:8:in `index'
Completed 200 OK in 75ms (Views: 73.0ms | ActiveRecord: 1.2ms | Allocations: 5602)


Started GET "/api/v1/expenses" for ::1 at 2021-05-24 23:32:36 -0500
Processing by Api::V1::ExpensesController#index as */*
  [1m[36mExpense Load (0.3ms)[0m  [1m[34mSELECT "expenses".* FROM "expenses"[0m
  ↳ app/controllers/api/v1/expenses_controller.rb:8:in `index'
  [1m[36mUser Load (0.3ms)[0m  [1m[34mSELECT "users".* FROM "users" WHERE "users"."id" = ? LIMIT ?[0m  [["id", 1], ["LIMIT", 1]]
  ↳ app/controllers/api/v1/expenses_controller.rb:8:in `index'
  [1m[36mCACHE User Load (0.0ms)[0m  [1m[34mSELECT "users".* FROM "users" WHERE "users"."id" = ? LIMIT ?[0m  [["id", 1], ["LIMIT", 1]]
  ↳ app/controllers/api/v1/expenses_controller.rb:8:in `index'
  [1m[36mUser Load (0.3ms)[0m  [1m[34mSELECT "users".* FROM "users" WHERE "users"."id" = ? LIMIT ?[0m  [["id", 2], ["LIMIT", 1]]
  ↳ app/controllers/api/v1/expenses_controller.rb:8:in `index'
  [1m[36mCACHE User Load (0.0ms)[0m  [1m[34mSELECT "users".* FROM "users" WHERE "users"."id" = ? LIMIT ?[0m  [["id", 2], ["LIMIT", 1]]
  ↳ app/controllers/api/v1/expenses_controller.rb:8:in `index'
  [1m[36mUser Load (0.3ms)[0m  [1m[34mSELECT "users".* FROM "users" WHERE "users"."id" = ? LIMIT ?[0m  [["id", 3], ["LIMIT", 1]]
  ↳ app/controllers/api/v1/expenses_controller.rb:8:in `index'
  [1m[36mCACHE User Load (0.0ms)[0m  [1m[34mSELECT "users".* FROM "users" WHERE "users"."id" = ? LIMIT ?[0m  [["id", 3], ["LIMIT", 1]]
  ↳ app/controllers/api/v1/expenses_controller.rb:8:in `index'
Completed 200 OK in 46ms (Views: 44.1ms | ActiveRecord: 1.4ms | Allocations: 5601)


